[ 2016-05-31T00:06:03+08:00 ] 101.226.61.193 /index.php/Home/Donation
INFO: [ app_init ] --START--
INFO: Run Behavior\BuildLiteBehavior [ RunTime:0.000000s ]
INFO: [ app_init ] --END-- [ RunTime:0.000000s ]
INFO: [ app_begin ] --START--
INFO: Run Behavior\ReadHtmlCacheBehavior [ RunTime:0.000000s ]
INFO: [ app_begin ] --END-- [ RunTime:0.000000s ]
SQL: SHOW COLUMNS FROM `weixin_donation` [ RunTime:0.0000s ]
SQL: SELECT * FROM `weixin_donation` WHERE ( status=1 )  [ RunTime:0.0000s ]
INFO: [ view_parse ] --START--
INFO: [ template_filter ] --START--
INFO: Run Behavior\ContentReplaceBehavior [ RunTime:0.000000s ]
INFO: [ template_filter ] --END-- [ RunTime:0.000000s ]
INFO: Run Behavior\ParseTemplateBehavior [ RunTime:0.015625s ]
INFO: [ view_parse ] --END-- [ RunTime:0.015625s ]
INFO: [ view_filter ] --START--
INFO: Run Behavior\WriteHtmlCacheBehavior [ RunTime:0.000000s ]
INFO: [ view_filter ] --END-- [ RunTime:0.000000s ]
INFO: [ app_end ] --START--
INFO: Run Behavior\ShowPageTraceBehavior [ RunTime:0.015625s ]
INFO: [ app_end ] --END-- [ RunTime:0.015625s ]

[ 2016-05-31T00:06:09+08:00 ] 101.226.61.193 /index.php/Home/Donation/listone/did/9.html
INFO: [ app_init ] --START--
INFO: Run Behavior\BuildLiteBehavior [ RunTime:0.000000s ]
INFO: [ app_init ] --END-- [ RunTime:0.000000s ]
INFO: [ app_begin ] --START--
INFO: Run Behavior\ReadHtmlCacheBehavior [ RunTime:0.015625s ]
INFO: [ app_begin ] --END-- [ RunTime:0.015625s ]
SQL: SHOW COLUMNS FROM `weixin_donation` [ RunTime:0.0000s ]
SQL: SELECT * FROM `weixin_donation` WHERE `id` = 9 LIMIT 1   [ RunTime:0.0000s ]
INFO: [ view_parse ] --START--
INFO: [ template_filter ] --START--
INFO: Run Behavior\ContentReplaceBehavior [ RunTime:0.000000s ]
INFO: [ template_filter ] --END-- [ RunTime:0.000000s ]
INFO: Run Behavior\ParseTemplateBehavior [ RunTime:0.015625s ]
INFO: [ view_parse ] --END-- [ RunTime:0.015625s ]
INFO: [ view_filter ] --START--
INFO: Run Behavior\WriteHtmlCacheBehavior [ RunTime:0.000000s ]
INFO: [ view_filter ] --END-- [ RunTime:0.000000s ]
INFO: [ app_end ] --START--
INFO: Run Behavior\ShowPageTraceBehavior [ RunTime:0.000000s ]
INFO: [ app_end ] --END-- [ RunTime:0.000000s ]

[ 2016-05-31T00:07:59+08:00 ] 101.226.61.193 /index.php/Home/Donation/listone/did/8.html
INFO: [ app_init ] --START--
INFO: Run Behavior\BuildLiteBehavior [ RunTime:0.000000s ]
INFO: [ app_init ] --END-- [ RunTime:0.000000s ]
INFO: [ app_begin ] --START--
INFO: Run Behavior\ReadHtmlCacheBehavior [ RunTime:0.000000s ]
INFO: [ app_begin ] --END-- [ RunTime:0.000000s ]
SQL: SHOW COLUMNS FROM `weixin_donation` [ RunTime:0.0000s ]
SQL: SELECT * FROM `weixin_donation` WHERE `id` = 8 LIMIT 1   [ RunTime:0.0000s ]
INFO: [ view_parse ] --START--
INFO: [ template_filter ] --START--
INFO: Run Behavior\ContentReplaceBehavior [ RunTime:0.000000s ]
INFO: [ template_filter ] --END-- [ RunTime:0.000000s ]
INFO: Run Behavior\ParseTemplateBehavior [ RunTime:0.015625s ]
INFO: [ view_parse ] --END-- [ RunTime:0.015625s ]
INFO: [ view_filter ] --START--
INFO: Run Behavior\WriteHtmlCacheBehavior [ RunTime:0.015625s ]
INFO: [ view_filter ] --END-- [ RunTime:0.015625s ]
INFO: [ app_end ] --START--
INFO: Run Behavior\ShowPageTraceBehavior [ RunTime:0.000000s ]
INFO: [ app_end ] --END-- [ RunTime:0.000000s ]

[ 2016-05-31T00:08:10+08:00 ] 101.226.61.193 /index.php/Home/Donation
INFO: [ app_init ] --START--
INFO: Run Behavior\BuildLiteBehavior [ RunTime:0.000000s ]
INFO: [ app_init ] --END-- [ RunTime:0.000000s ]
INFO: [ app_begin ] --START--
INFO: Run Behavior\ReadHtmlCacheBehavior [ RunTime:0.000000s ]
INFO: [ app_begin ] --END-- [ RunTime:0.000000s ]
SQL: SHOW COLUMNS FROM `weixin_donation` [ RunTime:0.0000s ]
SQL: SELECT * FROM `weixin_donation` WHERE ( status=1 )  [ RunTime:0.0000s ]
INFO: [ view_parse ] --START--
INFO: [ template_filter ] --START--
INFO: Run Behavior\ContentReplaceBehavior [ RunTime:0.000000s ]
INFO: [ template_filter ] --END-- [ RunTime:0.000000s ]
INFO: Run Behavior\ParseTemplateBehavior [ RunTime:0.015625s ]
INFO: [ view_parse ] --END-- [ RunTime:0.015625s ]
INFO: [ view_filter ] --START--
INFO: Run Behavior\WriteHtmlCacheBehavior [ RunTime:0.015625s ]
INFO: [ view_filter ] --END-- [ RunTime:0.015625s ]
INFO: [ app_end ] --START--
INFO: Run Behavior\ShowPageTraceBehavior [ RunTime:0.000000s ]
INFO: [ app_end ] --END-- [ RunTime:0.000000s ]

[ 2016-05-31T00:08:10+08:00 ] 222.77.4.247 /index.php/Home/Donation
INFO: [ app_init ] --START--
INFO: Run Behavior\BuildLiteBehavior [ RunTime:0.000000s ]
INFO: [ app_init ] --END-- [ RunTime:0.000000s ]
INFO: [ app_begin ] --START--
INFO: Run Behavior\ReadHtmlCacheBehavior [ RunTime:0.000000s ]
INFO: [ app_begin ] --END-- [ RunTime:0.000000s ]
SQL: SHOW COLUMNS FROM `weixin_donation` [ RunTime:0.0000s ]
SQL: SELECT * FROM `weixin_donation` WHERE ( status=1 )  [ RunTime:0.0000s ]
INFO: [ view_parse ] --START--
INFO: [ template_filter ] --START--
INFO: Run Behavior\ContentReplaceBehavior [ RunTime:0.000000s ]
INFO: [ template_filter ] --END-- [ RunTime:0.000000s ]
INFO: Run Behavior\ParseTemplateBehavior [ RunTime:0.015625s ]
INFO: [ view_parse ] --END-- [ RunTime:0.015625s ]
INFO: [ view_filter ] --START--
INFO: Run Behavior\WriteHtmlCacheBehavior [ RunTime:0.000000s ]
INFO: [ view_filter ] --END-- [ RunTime:0.000000s ]
INFO: [ app_end ] --START--
INFO: Run Behavior\ShowPageTraceBehavior [ RunTime:0.000000s ]
INFO: [ app_end ] --END-- [ RunTime:0.000000s ]

[ 2016-05-31T00:08:13+08:00 ] 101.226.61.193 /index.php/Home/Donation/listone/did/2.html
INFO: [ app_init ] --START--
INFO: Run Behavior\BuildLiteBehavior [ RunTime:0.000000s ]
INFO: [ app_init ] --END-- [ RunTime:0.000000s ]
INFO: [ app_begin ] --START--
INFO: Run Behavior\ReadHtmlCacheBehavior [ RunTime:0.000000s ]
INFO: [ app_begin ] --END-- [ RunTime:0.000000s ]
SQL: SHOW COLUMNS FROM `weixin_donation` [ RunTime:0.0000s ]
SQL: SELECT * FROM `weixin_donation` WHERE `id` = 2 LIMIT 1   [ RunTime:0.0000s ]
INFO: [ view_parse ] --START--
INFO: [ template_filter ] --START--
INFO: Run Behavior\ContentReplaceBehavior [ RunTime:0.000000s ]
INFO: [ template_filter ] --END-- [ RunTime:0.000000s ]
INFO: Run Behavior\ParseTemplateBehavior [ RunTime:0.015625s ]
INFO: [ view_parse ] --END-- [ RunTime:0.015625s ]
INFO: [ view_filter ] --START--
INFO: Run Behavior\WriteHtmlCacheBehavior [ RunTime:0.015625s ]
INFO: [ view_filter ] --END-- [ RunTime:0.015625s ]
INFO: [ app_end ] --START--
INFO: Run Behavior\ShowPageTraceBehavior [ RunTime:0.000000s ]
INFO: [ app_end ] --END-- [ RunTime:0.000000s ]

[ 2016-05-31T00:09:25+08:00 ] 101.226.61.193 /index.php/Home/Donation/listone/did/8.html
INFO: [ app_init ] --START--
INFO: Run Behavior\BuildLiteBehavior [ RunTime:0.000000s ]
INFO: [ app_init ] --END-- [ RunTime:0.000000s ]
INFO: [ app_begin ] --START--
INFO: Run Behavior\ReadHtmlCacheBehavior [ RunTime:0.000000s ]
INFO: [ app_begin ] --END-- [ RunTime:0.000000s ]
SQL: SHOW COLUMNS FROM `weixin_donation` [ RunTime:0.0000s ]
SQL: SELECT * FROM `weixin_donation` WHERE `id` = 8 LIMIT 1   [ RunTime:0.0000s ]
INFO: [ view_parse ] --START--
INFO: [ template_filter ] --START--
INFO: Run Behavior\ContentReplaceBehavior [ RunTime:0.000000s ]
INFO: [ template_filter ] --END-- [ RunTime:0.000000s ]
INFO: Run Behavior\ParseTemplateBehavior [ RunTime:0.015625s ]
INFO: [ view_parse ] --END-- [ RunTime:0.015625s ]
INFO: [ view_filter ] --START--
INFO: Run Behavior\WriteHtmlCacheBehavior [ RunTime:0.000000s ]
INFO: [ view_filter ] --END-- [ RunTime:0.000000s ]
INFO: [ app_end ] --START--
INFO: Run Behavior\ShowPageTraceBehavior [ RunTime:0.000000s ]
INFO: [ app_end ] --END-- [ RunTime:0.000000s ]

[ 2016-05-31T00:09:25+08:00 ] 222.77.4.247 /index.php/Home/Donation/listone/did/8.html
INFO: [ app_init ] --START--
INFO: Run Behavior\BuildLiteBehavior [ RunTime:0.000000s ]
INFO: [ app_init ] --END-- [ RunTime:0.000000s ]
INFO: [ app_begin ] --START--
INFO: Run Behavior\ReadHtmlCacheBehavior [ RunTime:0.000000s ]
INFO: [ app_begin ] --END-- [ RunTime:0.000000s ]
SQL: SHOW COLUMNS FROM `weixin_donation` [ RunTime:0.0000s ]
SQL: SELECT * FROM `weixin_donation` WHERE `id` = 8 LIMIT 1   [ RunTime:0.0000s ]
INFO: [ view_parse ] --START--
INFO: [ template_filter ] --START--
INFO: Run Behavior\ContentReplaceBehavior [ RunTime:0.000000s ]
INFO: [ template_filter ] --END-- [ RunTime:0.000000s ]
INFO: Run Behavior\ParseTemplateBehavior [ RunTime:0.015625s ]
INFO: [ view_parse ] --END-- [ RunTime:0.015625s ]
INFO: [ view_filter ] --START--
INFO: Run Behavior\WriteHtmlCacheBehavior [ RunTime:0.015625s ]
INFO: [ view_filter ] --END-- [ RunTime:0.015625s ]
INFO: [ app_end ] --START--
INFO: Run Behavior\ShowPageTraceBehavior [ RunTime:0.000000s ]
INFO: [ app_end ] --END-- [ RunTime:0.000000s ]

[ 2016-05-31T00:10:19+08:00 ] 101.226.61.193 /index.php/Home/Donation/listone/did/2.html
INFO: [ app_init ] --START--
INFO: Run Behavior\BuildLiteBehavior [ RunTime:0.000000s ]
INFO: [ app_init ] --END-- [ RunTime:0.000000s ]
INFO: [ app_begin ] --START--
INFO: Run Behavior\ReadHtmlCacheBehavior [ RunTime:0.000000s ]
INFO: [ app_begin ] --END-- [ RunTime:0.000000s ]
SQL: SHOW COLUMNS FROM `weixin_donation` [ RunTime:0.0000s ]
SQL: SELECT * FROM `weixin_donation` WHERE `id` = 2 LIMIT 1   [ RunTime:0.0000s ]
INFO: [ view_parse ] --START--
INFO: [ template_filter ] --START--
INFO: Run Behavior\ContentReplaceBehavior [ RunTime:0.000000s ]
INFO: [ template_filter ] --END-- [ RunTime:0.000000s ]
INFO: Run Behavior\ParseTemplateBehavior [ RunTime:0.015625s ]
INFO: [ view_parse ] --END-- [ RunTime:0.015625s ]
INFO: [ view_filter ] --START--
INFO: Run Behavior\WriteHtmlCacheBehavior [ RunTime:0.000000s ]
INFO: [ view_filter ] --END-- [ RunTime:0.000000s ]
INFO: [ app_end ] --START--
INFO: Run Behavior\ShowPageTraceBehavior [ RunTime:0.015625s ]
INFO: [ app_end ] --END-- [ RunTime:0.015625s ]

[ 2016-05-31T00:10:19+08:00 ] 222.77.4.247 /index.php/Home/Donation/listone/did/2.html
INFO: [ app_init ] --START--
INFO: Run Behavior\BuildLiteBehavior [ RunTime:0.000000s ]
INFO: [ app_init ] --END-- [ RunTime:0.000000s ]
INFO: [ app_begin ] --START--
INFO: Run Behavior\ReadHtmlCacheBehavior [ RunTime:0.000000s ]
INFO: [ app_begin ] --END-- [ RunTime:0.000000s ]
SQL: SHOW COLUMNS FROM `weixin_donation` [ RunTime:0.0000s ]
SQL: SELECT * FROM `weixin_donation` WHERE `id` = 2 LIMIT 1   [ RunTime:0.0000s ]
INFO: [ view_parse ] --START--
INFO: [ template_filter ] --START--
INFO: Run Behavior\ContentReplaceBehavior [ RunTime:0.000000s ]
INFO: [ template_filter ] --END-- [ RunTime:0.000000s ]
INFO: Run Behavior\ParseTemplateBehavior [ RunTime:0.015625s ]
INFO: [ view_parse ] --END-- [ RunTime:0.015625s ]
INFO: [ view_filter ] --START--
INFO: Run Behavior\WriteHtmlCacheBehavior [ RunTime:0.000000s ]
INFO: [ view_filter ] --END-- [ RunTime:0.000000s ]
INFO: [ app_end ] --START--
INFO: Run Behavior\ShowPageTraceBehavior [ RunTime:0.000000s ]
INFO: [ app_end ] --END-- [ RunTime:0.000000s ]

[ 2016-05-31T08:41:55+08:00 ] 101.226.64.174 /index.php/Home/Donation/listone/did/8.html
INFO: [ app_init ] --START--
INFO: Run Behavior\BuildLiteBehavior [ RunTime:0.000000s ]
INFO: [ app_init ] --END-- [ RunTime:0.000000s ]
INFO: [ app_begin ] --START--
INFO: Run Behavior\ReadHtmlCacheBehavior [ RunTime:0.000000s ]
INFO: [ app_begin ] --END-- [ RunTime:0.000000s ]
SQL: SHOW COLUMNS FROM `weixin_donation` [ RunTime:0.0000s ]
SQL: SELECT * FROM `weixin_donation` WHERE `id` = 8 LIMIT 1   [ RunTime:0.0000s ]
INFO: [ view_parse ] --START--
INFO: [ template_filter ] --START--
INFO: Run Behavior\ContentReplaceBehavior [ RunTime:0.000000s ]
INFO: [ template_filter ] --END-- [ RunTime:0.000000s ]
INFO: Run Behavior\ParseTemplateBehavior [ RunTime:0.000000s ]
INFO: [ view_parse ] --END-- [ RunTime:0.000000s ]
INFO: [ view_filter ] --START--
INFO: Run Behavior\WriteHtmlCacheBehavior [ RunTime:0.015625s ]
INFO: [ view_filter ] --END-- [ RunTime:0.015625s ]
INFO: [ app_end ] --START--
INFO: Run Behavior\ShowPageTraceBehavior [ RunTime:0.000000s ]
INFO: [ app_end ] --END-- [ RunTime:0.000000s ]

[ 2016-05-31T11:46:07+08:00 ] 101.226.125.108 /index.php/Home/Donation
INFO: [ app_init ] --START--
INFO: Run Behavior\BuildLiteBehavior [ RunTime:0.000000s ]
INFO: [ app_init ] --END-- [ RunTime:0.000000s ]
INFO: [ app_begin ] --START--
INFO: Run Behavior\ReadHtmlCacheBehavior [ RunTime:0.000000s ]
INFO: [ app_begin ] --END-- [ RunTime:0.000000s ]
SQL: SHOW COLUMNS FROM `weixin_donation` [ RunTime:0.0000s ]
SQL: SELECT * FROM `weixin_donation` WHERE ( status=1 )  [ RunTime:0.0000s ]
INFO: [ view_parse ] --START--
INFO: [ template_filter ] --START--
INFO: Run Behavior\ContentReplaceBehavior [ RunTime:0.000000s ]
INFO: [ template_filter ] --END-- [ RunTime:0.000000s ]
INFO: Run Behavior\ParseTemplateBehavior [ RunTime:0.015624s ]
INFO: [ view_parse ] --END-- [ RunTime:0.015624s ]
INFO: [ view_filter ] --START--
INFO: Run Behavior\WriteHtmlCacheBehavior [ RunTime:0.015625s ]
INFO: [ view_filter ] --END-- [ RunTime:0.015625s ]
INFO: [ app_end ] --START--
INFO: Run Behavior\ShowPageTraceBehavior [ RunTime:0.000000s ]
INFO: [ app_end ] --END-- [ RunTime:0.000000s ]

[ 2016-05-31T14:53:14+08:00 ] 101.226.61.184 /index.php/Home/Donation
INFO: [ app_init ] --START--
INFO: Run Behavior\BuildLiteBehavior [ RunTime:0.000000s ]
INFO: [ app_init ] --END-- [ RunTime:0.000000s ]
INFO: [ app_begin ] --START--
INFO: Run Behavior\ReadHtmlCacheBehavior [ RunTime:0.000000s ]
INFO: [ app_begin ] --END-- [ RunTime:0.000000s ]
SQL: SHOW COLUMNS FROM `weixin_donation` [ RunTime:0.0000s ]
SQL: SELECT * FROM `weixin_donation` WHERE ( status=1 )  [ RunTime:0.0000s ]
INFO: [ view_parse ] --START--
INFO: [ template_filter ] --START--
INFO: Run Behavior\ContentReplaceBehavior [ RunTime:0.000000s ]
INFO: [ template_filter ] --END-- [ RunTime:0.000000s ]
INFO: Run Behavior\ParseTemplateBehavior [ RunTime:0.015624s ]
INFO: [ view_parse ] --END-- [ RunTime:0.015624s ]
INFO: [ view_filter ] --START--
INFO: Run Behavior\WriteHtmlCacheBehavior [ RunTime:0.000000s ]
INFO: [ view_filter ] --END-- [ RunTime:0.000000s ]
INFO: [ app_end ] --START--
INFO: Run Behavior\ShowPageTraceBehavior [ RunTime:0.000000s ]
INFO: [ app_end ] --END-- [ RunTime:0.000000s ]

[ 2016-05-31T14:53:19+08:00 ] 101.226.61.184 /index.php/Home/Donation/listone/did/9.html
INFO: [ app_init ] --START--
INFO: Run Behavior\BuildLiteBehavior [ RunTime:0.000000s ]
INFO: [ app_init ] --END-- [ RunTime:0.000000s ]
INFO: [ app_begin ] --START--
INFO: Run Behavior\ReadHtmlCacheBehavior [ RunTime:0.015625s ]
INFO: [ app_begin ] --END-- [ RunTime:0.015625s ]
SQL: SHOW COLUMNS FROM `weixin_donation` [ RunTime:0.0000s ]
SQL: SELECT * FROM `weixin_donation` WHERE `id` = 9 LIMIT 1   [ RunTime:0.0000s ]
INFO: [ view_parse ] --START--
INFO: [ template_filter ] --START--
INFO: Run Behavior\ContentReplaceBehavior [ RunTime:0.000000s ]
INFO: [ template_filter ] --END-- [ RunTime:0.000000s ]
INFO: Run Behavior\ParseTemplateBehavior [ RunTime:0.015624s ]
INFO: [ view_parse ] --END-- [ RunTime:0.015624s ]
INFO: [ view_filter ] --START--
INFO: Run Behavior\WriteHtmlCacheBehavior [ RunTime:0.000000s ]
INFO: [ view_filter ] --END-- [ RunTime:0.000000s ]
INFO: [ app_end ] --START--
INFO: Run Behavior\ShowPageTraceBehavior [ RunTime:0.000000s ]
INFO: [ app_end ] --END-- [ RunTime:0.000000s ]

[ 2016-05-31T15:07:39+08:00 ] 59.56.224.200 /index.php/Home/Donation
INFO: [ app_init ] --START--
INFO: Run Behavior\BuildLiteBehavior [ RunTime:0.000000s ]
INFO: [ app_init ] --END-- [ RunTime:0.000000s ]
INFO: [ app_begin ] --START--
INFO: Run Behavior\ReadHtmlCacheBehavior [ RunTime:0.000000s ]
INFO: [ app_begin ] --END-- [ RunTime:0.000000s ]
SQL: SHOW COLUMNS FROM `weixin_donation` [ RunTime:0.0000s ]
SQL: SELECT * FROM `weixin_donation` WHERE ( status=1 )  [ RunTime:0.0000s ]
INFO: [ view_parse ] --START--
INFO: [ template_filter ] --START--
INFO: Run Behavior\ContentReplaceBehavior [ RunTime:0.000000s ]
INFO: [ template_filter ] --END-- [ RunTime:0.000000s ]
INFO: Run Behavior\ParseTemplateBehavior [ RunTime:0.015624s ]
INFO: [ view_parse ] --END-- [ RunTime:0.015624s ]
INFO: [ view_filter ] --START--
INFO: Run Behavior\WriteHtmlCacheBehavior [ RunTime:0.015624s ]
INFO: [ view_filter ] --END-- [ RunTime:0.015624s ]
INFO: [ app_end ] --START--
INFO: Run Behavior\ShowPageTraceBehavior [ RunTime:0.000000s ]
INFO: [ app_end ] --END-- [ RunTime:0.000000s ]

[ 2016-05-31T15:07:39+08:00 ] 101.226.69.109 /index.php/Home/Donation
INFO: [ app_init ] --START--
INFO: Run Behavior\BuildLiteBehavior [ RunTime:0.000000s ]
INFO: [ app_init ] --END-- [ RunTime:0.000000s ]
INFO: [ app_begin ] --START--
INFO: Run Behavior\ReadHtmlCacheBehavior [ RunTime:0.015624s ]
INFO: [ app_begin ] --END-- [ RunTime:0.015624s ]
SQL: SHOW COLUMNS FROM `weixin_donation` [ RunTime:0.0000s ]
SQL: SELECT * FROM `weixin_donation` WHERE ( status=1 )  [ RunTime:0.0000s ]
INFO: [ view_parse ] --START--
INFO: [ template_filter ] --START--
INFO: Run Behavior\ContentReplaceBehavior [ RunTime:0.000000s ]
INFO: [ template_filter ] --END-- [ RunTime:0.000000s ]
INFO: Run Behavior\ParseTemplateBehavior [ RunTime:0.015625s ]
INFO: [ view_parse ] --END-- [ RunTime:0.015625s ]
INFO: [ view_filter ] --START--
INFO: Run Behavior\WriteHtmlCacheBehavior [ RunTime:0.000000s ]
INFO: [ view_filter ] --END-- [ RunTime:0.000000s ]
INFO: [ app_end ] --START--
INFO: Run Behavior\ShowPageTraceBehavior [ RunTime:0.000000s ]
INFO: [ app_end ] --END-- [ RunTime:0.000000s ]

[ 2016-05-31T15:07:46+08:00 ] 101.226.69.109 /index.php/Home/Donation/listone/did/9.html
INFO: [ app_init ] --START--
INFO: Run Behavior\BuildLiteBehavior [ RunTime:0.000000s ]
INFO: [ app_init ] --END-- [ RunTime:0.000000s ]
INFO: [ app_begin ] --START--
INFO: Run Behavior\ReadHtmlCacheBehavior [ RunTime:0.000000s ]
INFO: [ app_begin ] --END-- [ RunTime:0.000000s ]
SQL: SHOW COLUMNS FROM `weixin_donation` [ RunTime:0.0000s ]
SQL: SELECT * FROM `weixin_donation` WHERE `id` = 9 LIMIT 1   [ RunTime:0.0000s ]
INFO: [ view_parse ] --START--
INFO: [ template_filter ] --START--
INFO: Run Behavior\ContentReplaceBehavior [ RunTime:0.000000s ]
INFO: [ template_filter ] --END-- [ RunTime:0.000000s ]
INFO: Run Behavior\ParseTemplateBehavior [ RunTime:0.015625s ]
INFO: [ view_parse ] --END-- [ RunTime:0.015625s ]
INFO: [ view_filter ] --START--
INFO: Run Behavior\WriteHtmlCacheBehavior [ RunTime:0.000000s ]
INFO: [ view_filter ] --END-- [ RunTime:0.000000s ]
INFO: [ app_end ] --START--
INFO: Run Behavior\ShowPageTraceBehavior [ RunTime:0.000000s ]
INFO: [ app_end ] --END-- [ RunTime:0.000000s ]

[ 2016-05-31T15:26:50+08:00 ] 222.79.136.12 /index.php/Home/Donation/donationAdd
INFO: [ app_init ] --START--
INFO: Run Behavior\BuildLiteBehavior [ RunTime:0.000000s ]
INFO: [ app_init ] --END-- [ RunTime:0.000000s ]
INFO: [ app_begin ] --START--
INFO: Run Behavior\ReadHtmlCacheBehavior [ RunTime:0.000000s ]
INFO: [ app_begin ] --END-- [ RunTime:0.000000s ]
SQL: SHOW COLUMNS FROM `weixin_donation` [ RunTime:0.0000s ]
INFO: [ view_parse ] --START--
INFO: [ template_filter ] --START--
INFO: Run Behavior\ContentReplaceBehavior [ RunTime:0.000000s ]
INFO: [ template_filter ] --END-- [ RunTime:0.000000s ]
INFO: Run Behavior\ParseTemplateBehavior [ RunTime:0.015625s ]
INFO: [ view_parse ] --END-- [ RunTime:0.015625s ]
INFO: [ view_filter ] --START--
INFO: Run Behavior\WriteHtmlCacheBehavior [ RunTime:0.000000s ]
INFO: [ view_filter ] --END-- [ RunTime:0.000000s ]
INFO: [ app_end ] --START--
INFO: Run Behavior\ShowPageTraceBehavior [ RunTime:0.000000s ]
INFO: [ app_end ] --END-- [ RunTime:0.000000s ]

[ 2016-05-31T15:26:59+08:00 ] 222.79.136.12 /index.php/Home/Donation/donationList.html
INFO: [ app_init ] --START--
INFO: Run Behavior\BuildLiteBehavior [ RunTime:0.000000s ]
INFO: [ app_init ] --END-- [ RunTime:0.000000s ]
INFO: [ app_begin ] --START--
INFO: Run Behavior\ReadHtmlCacheBehavior [ RunTime:0.000000s ]
INFO: [ app_begin ] --END-- [ RunTime:0.000000s ]
SQL: SHOW COLUMNS FROM `weixin_donation` [ RunTime:0.0000s ]
SQL: SELECT * FROM `weixin_donation` WHERE ( status=1 )  [ RunTime:0.0000s ]
INFO: [ view_parse ] --START--
INFO: [ template_filter ] --START--
INFO: Run Behavior\ContentReplaceBehavior [ RunTime:0.000000s ]
INFO: [ template_filter ] --END-- [ RunTime:0.000000s ]
INFO: Run Behavior\ParseTemplateBehavior [ RunTime:0.031249s ]
INFO: [ view_parse ] --END-- [ RunTime:0.031249s ]
INFO: [ view_filter ] --START--
INFO: Run Behavior\WriteHtmlCacheBehavior [ RunTime:0.000000s ]
INFO: [ view_filter ] --END-- [ RunTime:0.000000s ]
INFO: [ app_end ] --START--
INFO: Run Behavior\ShowPageTraceBehavior [ RunTime:0.000000s ]
INFO: [ app_end ] --END-- [ RunTime:0.000000s ]

[ 2016-05-31T15:27:06+08:00 ] 222.79.136.12 /index.php/Home/Donation/donationAdd.html
INFO: [ app_init ] --START--
INFO: Run Behavior\BuildLiteBehavior [ RunTime:0.000000s ]
INFO: [ app_init ] --END-- [ RunTime:0.000000s ]
INFO: [ app_begin ] --START--
INFO: Run Behavior\ReadHtmlCacheBehavior [ RunTime:0.000000s ]
INFO: [ app_begin ] --END-- [ RunTime:0.000000s ]
SQL: SHOW COLUMNS FROM `weixin_donation` [ RunTime:0.0000s ]
INFO: [ view_parse ] --START--
INFO: [ template_filter ] --START--
INFO: Run Behavior\ContentReplaceBehavior [ RunTime:0.000000s ]
INFO: [ template_filter ] --END-- [ RunTime:0.000000s ]
INFO: Run Behavior\ParseTemplateBehavior [ RunTime:0.015624s ]
INFO: [ view_parse ] --END-- [ RunTime:0.015624s ]
INFO: [ view_filter ] --START--
INFO: Run Behavior\WriteHtmlCacheBehavior [ RunTime:0.000000s ]
INFO: [ view_filter ] --END-- [ RunTime:0.000000s ]
INFO: [ app_end ] --START--
INFO: Run Behavior\ShowPageTraceBehavior [ RunTime:0.015624s ]
INFO: [ app_end ] --END-- [ RunTime:0.015624s ]

[ 2016-05-31T15:28:57+08:00 ] 106.120.160.119 /index.php/Home/Donation/donationAdd
INFO: [ app_init ] --START--
INFO: Run Behavior\BuildLiteBehavior [ RunTime:0.000000s ]
INFO: [ app_init ] --END-- [ RunTime:0.000000s ]
INFO: [ app_begin ] --START--
INFO: Run Behavior\ReadHtmlCacheBehavior [ RunTime:0.000000s ]
INFO: [ app_begin ] --END-- [ RunTime:0.000000s ]
SQL: SHOW COLUMNS FROM `weixin_donation` [ RunTime:0.0000s ]
INFO: [ view_parse ] --START--
INFO: [ template_filter ] --START--
INFO: Run Behavior\ContentReplaceBehavior [ RunTime:0.000000s ]
INFO: [ template_filter ] --END-- [ RunTime:0.000000s ]
INFO: Run Behavior\ParseTemplateBehavior [ RunTime:0.015624s ]
INFO: [ view_parse ] --END-- [ RunTime:0.015624s ]
INFO: [ view_filter ] --START--
INFO: Run Behavior\WriteHtmlCacheBehavior [ RunTime:0.000000s ]
INFO: [ view_filter ] --END-- [ RunTime:0.000000s ]
INFO: [ app_end ] --START--
INFO: Run Behavior\ShowPageTraceBehavior [ RunTime:0.000000s ]
INFO: [ app_end ] --END-- [ RunTime:0.000000s ]

[ 2016-05-31T15:29:11+08:00 ] 101.199.108.59 /index.php/Home/Donation/donationAdd
INFO: [ app_init ] --START--
INFO: Run Behavior\BuildLiteBehavior [ RunTime:0.000000s ]
INFO: [ app_init ] --END-- [ RunTime:0.000000s ]
INFO: [ app_begin ] --START--
INFO: Run Behavior\ReadHtmlCacheBehavior [ RunTime:0.015624s ]
INFO: [ app_begin ] --END-- [ RunTime:0.015624s ]
SQL: SHOW COLUMNS FROM `weixin_donation` [ RunTime:0.0000s ]
INFO: [ view_parse ] --START--
INFO: [ template_filter ] --START--
INFO: Run Behavior\ContentReplaceBehavior [ RunTime:0.000000s ]
INFO: [ template_filter ] --END-- [ RunTime:0.000000s ]
INFO: Run Behavior\ParseTemplateBehavior [ RunTime:0.015624s ]
INFO: [ view_parse ] --END-- [ RunTime:0.015624s ]
INFO: [ view_filter ] --START--
INFO: Run Behavior\WriteHtmlCacheBehavior [ RunTime:0.000000s ]
INFO: [ view_filter ] --END-- [ RunTime:0.000000s ]
INFO: [ app_end ] --START--
INFO: Run Behavior\ShowPageTraceBehavior [ RunTime:0.015625s ]
INFO: [ app_end ] --END-- [ RunTime:0.015625s ]

[ 2016-05-31T15:29:22+08:00 ] 106.120.160.119 /index.php/Home/Donation/donationList.html
INFO: [ app_init ] --START--
INFO: Run Behavior\BuildLiteBehavior [ RunTime:0.000000s ]
INFO: [ app_init ] --END-- [ RunTime:0.000000s ]
INFO: [ app_begin ] --START--
INFO: Run Behavior\ReadHtmlCacheBehavior [ RunTime:0.000000s ]
INFO: [ app_begin ] --END-- [ RunTime:0.000000s ]
SQL: SHOW COLUMNS FROM `weixin_donation` [ RunTime:0.0000s ]
SQL: SELECT * FROM `weixin_donation` WHERE ( status=1 )  [ RunTime:0.0000s ]
INFO: [ view_parse ] --START--
INFO: [ template_filter ] --START--
INFO: Run Behavior\ContentReplaceBehavior [ RunTime:0.000000s ]
INFO: [ template_filter ] --END-- [ RunTime:0.000000s ]
INFO: Run Behavior\ParseTemplateBehavior [ RunTime:0.015625s ]
INFO: [ view_parse ] --END-- [ RunTime:0.015625s ]
INFO: [ view_filter ] --START--
INFO: Run Behavior\WriteHtmlCacheBehavior [ RunTime:0.000000s ]
INFO: [ view_filter ] --END-- [ RunTime:0.000000s ]
INFO: [ app_end ] --START--
INFO: Run Behavior\ShowPageTraceBehavior [ RunTime:0.000000s ]
INFO: [ app_end ] --END-- [ RunTime:0.000000s ]

[ 2016-05-31T15:29:36+08:00 ] 101.199.112.55 /index.php/Home/Donation/donationList.html
INFO: [ app_init ] --START--
INFO: Run Behavior\BuildLiteBehavior [ RunTime:0.000000s ]
INFO: [ app_init ] --END-- [ RunTime:0.000000s ]
INFO: [ app_begin ] --START--
INFO: Run Behavior\ReadHtmlCacheBehavior [ RunTime:0.000000s ]
INFO: [ app_begin ] --END-- [ RunTime:0.000000s ]
SQL: SHOW COLUMNS FROM `weixin_donation` [ RunTime:0.0000s ]
SQL: SELECT * FROM `weixin_donation` WHERE ( status=1 )  [ RunTime:0.0000s ]
INFO: [ view_parse ] --START--
INFO: [ template_filter ] --START--
INFO: Run Behavior\ContentReplaceBehavior [ RunTime:0.000000s ]
INFO: [ template_filter ] --END-- [ RunTime:0.000000s ]
INFO: Run Behavior\ParseTemplateBehavior [ RunTime:0.015624s ]
INFO: [ view_parse ] --END-- [ RunTime:0.015624s ]
INFO: [ view_filter ] --START--
INFO: Run Behavior\WriteHtmlCacheBehavior [ RunTime:0.015624s ]
INFO: [ view_filter ] --END-- [ RunTime:0.015624s ]
INFO: [ app_end ] --START--
INFO: Run Behavior\ShowPageTraceBehavior [ RunTime:0.000000s ]
INFO: [ app_end ] --END-- [ RunTime:0.000000s ]

[ 2016-05-31T15:32:07+08:00 ] 222.79.136.12 /index.php/Home/Donation/donationAdd
INFO: [ app_init ] --START--
INFO: Run Behavior\BuildLiteBehavior [ RunTime:0.000000s ]
INFO: [ app_init ] --END-- [ RunTime:0.000000s ]
INFO: [ app_begin ] --START--
INFO: Run Behavior\ReadHtmlCacheBehavior [ RunTime:0.000000s ]
INFO: [ app_begin ] --END-- [ RunTime:0.000000s ]
SQL: SHOW COLUMNS FROM `weixin_donation` [ RunTime:0.0000s ]
NOTIC: [8] Undefined index: validate D:\upupw\vhosts\lejiawuye.top\ThinkPHP\Library\Think\Model.class.php 第 1185 行.
NOTIC: [8] Undefined index: auto D:\upupw\vhosts\lejiawuye.top\ThinkPHP\Library\Think\Model.class.php 第 1128 行.
SQL: SHOW COLUMNS FROM `weixin_donation` [ RunTime:0.0000s ]
SQL: INSERT INTO `weixin_donation` (`title`,`content`,`create_time`,`status`) VALUES ('捷龙盛世2016年“六一儿童节”活动热心业主捐赠物资名单','&lt;table style=&quot;width:100%;&quot; cellpadding=&quot;2&quot; cellspacing=&quot;0&quot; border=&quot;1&quot; bordercolor=&quot;#000000&quot;&gt;
	&lt;tbody&gt;
		&lt;tr&gt;
			&lt;td height=&quot;33&quot; class=&quot;xl64&quot; width=&quot;243&quot;&gt;
				热心业主
			&lt;/td&gt;
			&lt;td class=&quot;xl64&quot; width=&quot;243&quot;&gt;
				住址
			&lt;/td&gt;
			&lt;td class=&quot;xl64&quot; width=&quot;243&quot;&gt;
				捐赠物资明细
			&lt;/td&gt;
		&lt;/tr&gt;
		&lt;tr&gt;
			&lt;td height=&quot;33&quot; class=&quot;xl67&quot;&gt;
				李燕迁
			&lt;/td&gt;
			&lt;td class=&quot;xl64&quot;&gt;
				1#1006
			&lt;/td&gt;
			&lt;td class=&quot;xl64&quot;&gt;
				两箱菊花茶
			&lt;/td&gt;
		&lt;/tr&gt;
		&lt;tr&gt;
			&lt;td height=&quot;33&quot; class=&quot;xl67&quot;&gt;
				袁利
			&lt;/td&gt;
			&lt;td class=&quot;xl64&quot;&gt;
				5#2303
			&lt;/td&gt;
			&lt;td class=&quot;xl64&quot;&gt;
				&amp;nbsp;100元
			&lt;/td&gt;
		&lt;/tr&gt;
		&lt;tr&gt;
			&lt;td height=&quot;33&quot; class=&quot;xl68&quot; width=&quot;243&quot;&gt;
				黄永胜
			&lt;/td&gt;
			&lt;td class=&quot;xl69&quot; width=&quot;243&quot;&gt;
				4#202
			&lt;/td&gt;
			&lt;td class=&quot;xl70&quot; width=&quot;243&quot;&gt;
				&amp;nbsp;200元&amp;nbsp;
			&lt;/td&gt;
		&lt;/tr&gt;
		&lt;tr&gt;
			&lt;td height=&quot;33&quot; class=&quot;xl68&quot; width=&quot;243&quot;&gt;
				裴金玉
			&lt;/td&gt;
			&lt;td class=&quot;xl69&quot; width=&quot;243&quot;&gt;
				2#501
			&lt;/td&gt;
			&lt;td class=&quot;xl70&quot; width=&quot;243&quot;&gt;
				&amp;nbsp;200元&amp;nbsp;
			&lt;/td&gt;
		&lt;/tr&gt;
		&lt;tr&gt;
			&lt;td height=&quot;33&quot; class=&quot;xl68&quot; width=&quot;243&quot;&gt;
				王新法
			&lt;/td&gt;
			&lt;td class=&quot;xl69&quot; width=&quot;243&quot;&gt;
				7#1607
			&lt;/td&gt;
			&lt;td class=&quot;xl70&quot; width=&quot;243&quot;&gt;
				&amp;nbsp;200元&amp;nbsp;
			&lt;/td&gt;
		&lt;/tr&gt;
		&lt;tr&gt;
			&lt;td height=&quot;33&quot; class=&quot;xl68&quot; width=&quot;243&quot;&gt;
				李春
			&lt;/td&gt;
			&lt;td class=&quot;xl69&quot; width=&quot;243&quot;&gt;
				8#1301
			&lt;/td&gt;
			&lt;td class=&quot;xl70&quot; width=&quot;243&quot;&gt;
				&amp;nbsp;200元&amp;nbsp;
			&lt;/td&gt;
		&lt;/tr&gt;
		&lt;tr&gt;
			&lt;td height=&quot;33&quot; class=&quot;xl68&quot; width=&quot;243&quot;&gt;
				苏志昌
			&lt;/td&gt;
			&lt;td class=&quot;xl69&quot; width=&quot;243&quot;&gt;
				3#1001
			&lt;/td&gt;
			&lt;td class=&quot;xl70&quot; width=&quot;243&quot;&gt;
				&amp;nbsp;500元&amp;nbsp;
			&lt;/td&gt;
		&lt;/tr&gt;
		&lt;tr&gt;
			&lt;td height=&quot;33&quot; class=&quot;xl68&quot; width=&quot;243&quot;&gt;
				倪红心
			&lt;/td&gt;
			&lt;td class=&quot;xl69&quot; width=&quot;243&quot;&gt;
				8#0101
			&lt;/td&gt;
			&lt;td class=&quot;xl70&quot; width=&quot;243&quot;&gt;
				&amp;nbsp;500元&amp;nbsp;
			&lt;/td&gt;
		&lt;/tr&gt;
		&lt;tr&gt;
			&lt;td height=&quot;33&quot; class=&quot;xl64&quot;&gt;
				捐赠现金合计
			&lt;/td&gt;
			&lt;td class=&quot;xl64&quot;&gt;
			&lt;/td&gt;
			&lt;td class=&quot;xl64&quot;&gt;
				&amp;nbsp;1900元
			&lt;/td&gt;
		&lt;/tr&gt;
	&lt;/tbody&gt;
&lt;/table&gt;
&lt;table style=&quot;width:100%;&quot; cellpadding=&quot;2&quot; cellspacing=&quot;0&quot; border=&quot;1&quot; bordercolor=&quot;#000000&quot;&gt;
	&lt;tbody&gt;
	&lt;/tbody&gt;
&lt;/table&gt;
&lt;p&gt;
	乐嘉物业服务中心代表“捷龙盛世全体业主”感谢以上热心业主的捐赠。
&lt;/p&gt;
&lt;p style=&quot;text-align:right;&quot;&gt;
	捷龙盛世服务中心
&lt;/p&gt;
&lt;p style=&quot;text-align:right;&quot;&gt;
	2016年5月29日
&lt;/p&gt;
&lt;br /&gt;','1464679927','1') [ RunTime:0.0156s ]
INFO: [ view_parse ] --START--
INFO: [ template_filter ] --START--
INFO: Run Behavior\ContentReplaceBehavior [ RunTime:0.000000s ]
INFO: [ template_filter ] --END-- [ RunTime:0.000000s ]
INFO: Run Behavior\ParseTemplateBehavior [ RunTime:0.015624s ]
INFO: [ view_parse ] --END-- [ RunTime:0.015624s ]
INFO: [ view_filter ] --START--
INFO: Run Behavior\WriteHtmlCacheBehavior [ RunTime:0.000000s ]
INFO: [ view_filter ] --END-- [ RunTime:0.000000s ]
INFO: [ app_end ] --START--
INFO: Run Behavior\ShowPageTraceBehavior [ RunTime:0.000000s ]
INFO: [ app_end ] --END-- [ RunTime:0.000000s ]

[ 2016-05-31T15:32:08+08:00 ] 222.79.136.12 /index.php/Home/Donation/donationList.html
INFO: [ app_init ] --START--
INFO: Run Behavior\BuildLiteBehavior [ RunTime:0.000000s ]
INFO: [ app_init ] --END-- [ RunTime:0.000000s ]
INFO: [ app_begin ] --START--
INFO: Run Behavior\ReadHtmlCacheBehavior [ RunTime:0.000000s ]
INFO: [ app_begin ] --END-- [ RunTime:0.000000s ]
SQL: SHOW COLUMNS FROM `weixin_donation` [ RunTime:0.0000s ]
SQL: SELECT * FROM `weixin_donation` WHERE ( status=1 )  [ RunTime:0.0000s ]
INFO: [ view_parse ] --START--
INFO: [ template_filter ] --START--
INFO: Run Behavior\ContentReplaceBehavior [ RunTime:0.000000s ]
INFO: [ template_filter ] --END-- [ RunTime:0.000000s ]
INFO: Run Behavior\ParseTemplateBehavior [ RunTime:0.015624s ]
INFO: [ view_parse ] --END-- [ RunTime:0.015624s ]
INFO: [ view_filter ] --START--
INFO: Run Behavior\WriteHtmlCacheBehavior [ RunTime:0.015625s ]
INFO: [ view_filter ] --END-- [ RunTime:0.015625s ]
INFO: [ app_end ] --START--
INFO: Run Behavior\ShowPageTraceBehavior [ RunTime:0.000000s ]
INFO: [ app_end ] --END-- [ RunTime:0.000000s ]

[ 2016-05-31T15:32:24+08:00 ] 222.79.136.12 /index.php/Home/Donation/donationAdd.html
INFO: [ app_init ] --START--
INFO: Run Behavior\BuildLiteBehavior [ RunTime:0.000000s ]
INFO: [ app_init ] --END-- [ RunTime:0.000000s ]
INFO: [ app_begin ] --START--
INFO: Run Behavior\ReadHtmlCacheBehavior [ RunTime:0.015624s ]
INFO: [ app_begin ] --END-- [ RunTime:0.015624s ]
SQL: SHOW COLUMNS FROM `weixin_donation` [ RunTime:0.0000s ]
INFO: [ view_parse ] --START--
INFO: [ template_filter ] --START--
INFO: Run Behavior\ContentReplaceBehavior [ RunTime:0.000000s ]
INFO: [ template_filter ] --END-- [ RunTime:0.000000s ]
INFO: Run Behavior\ParseTemplateBehavior [ RunTime:0.015624s ]
INFO: [ view_parse ] --END-- [ RunTime:0.015624s ]
INFO: [ view_filter ] --START--
INFO: Run Behavior\WriteHtmlCacheBehavior [ RunTime:0.000000s ]
INFO: [ view_filter ] --END-- [ RunTime:0.000000s ]
INFO: [ app_end ] --START--
INFO: Run Behavior\ShowPageTraceBehavior [ RunTime:0.000000s ]
INFO: [ app_end ] --END-- [ RunTime:0.000000s ]

[ 2016-05-31T15:35:50+08:00 ] 222.79.136.12 /index.php/Home/Donation/donationAdd
INFO: [ app_init ] --START--
INFO: Run Behavior\BuildLiteBehavior [ RunTime:0.000000s ]
INFO: [ app_init ] --END-- [ RunTime:0.000000s ]
INFO: [ app_begin ] --START--
INFO: Run Behavior\ReadHtmlCacheBehavior [ RunTime:0.000000s ]
INFO: [ app_begin ] --END-- [ RunTime:0.000000s ]
SQL: SHOW COLUMNS FROM `weixin_donation` [ RunTime:0.0000s ]
NOTIC: [8] Undefined index: validate D:\upupw\vhosts\lejiawuye.top\ThinkPHP\Library\Think\Model.class.php 第 1185 行.
NOTIC: [8] Undefined index: auto D:\upupw\vhosts\lejiawuye.top\ThinkPHP\Library\Think\Model.class.php 第 1128 行.
SQL: SHOW COLUMNS FROM `weixin_donation` [ RunTime:0.0000s ]
SQL: INSERT INTO `weixin_donation` (`title`,`content`,`create_time`,`status`) VALUES ('捷龙盛世2016年“六一儿童节”活动收支情况明细表','&lt;p&gt;
	一、收入1900元
&lt;/p&gt;
&lt;p&gt;
	二、支出明细
&lt;/p&gt;
&lt;p&gt;
	&lt;table border=&quot;0&quot; cellpadding=&quot;0&quot; cellspacing=&quot;0&quot; width=&quot;651&quot; style=&quot;width:490pt;&quot; class=&quot;ke-zeroborder&quot;&gt;
		&lt;tbody&gt;
			&lt;tr&gt;
				&lt;td height=&quot;33&quot; class=&quot;xl66&quot; width=&quot;163&quot;&gt;
					购买物品名称
				&lt;/td&gt;
				&lt;td class=&quot;xl66&quot; width=&quot;122&quot;&gt;
					单位
				&lt;/td&gt;
				&lt;td class=&quot;xl66&quot; width=&quot;122&quot;&gt;
					数量
				&lt;/td&gt;
				&lt;td class=&quot;xl66&quot; width=&quot;122&quot;&gt;
					单价（元）
				&lt;/td&gt;
				&lt;td class=&quot;xl66&quot; width=&quot;122&quot;&gt;
					总价
				&lt;/td&gt;
			&lt;/tr&gt;
			&lt;tr&gt;
				&lt;td height=&quot;33&quot; class=&quot;xl67&quot;&gt;
					矿泉水
				&lt;/td&gt;
				&lt;td class=&quot;xl67&quot;&gt;
					箱
				&lt;/td&gt;
				&lt;td class=&quot;xl67&quot;&gt;
					6
				&lt;/td&gt;
				&lt;td class=&quot;xl67&quot;&gt;
					35
				&lt;/td&gt;
				&lt;td class=&quot;xl67&quot;&gt;
					210
				&lt;/td&gt;
			&lt;/tr&gt;
			&lt;tr&gt;
				&lt;td height=&quot;33&quot; class=&quot;xl67&quot;&gt;
					布条
				&lt;/td&gt;
				&lt;td class=&quot;xl67&quot;&gt;
					条
				&lt;/td&gt;
				&lt;td class=&quot;xl67&quot;&gt;
					2
				&lt;/td&gt;
				&lt;td class=&quot;xl67&quot;&gt;
					50
				&lt;/td&gt;
				&lt;td class=&quot;xl67&quot;&gt;
					100
				&lt;/td&gt;
			&lt;/tr&gt;
			&lt;tr&gt;
				&lt;td height=&quot;33&quot; class=&quot;xl67&quot;&gt;
					超级飞侠
				&lt;/td&gt;
				&lt;td class=&quot;xl67&quot;&gt;
					只
				&lt;/td&gt;
				&lt;td class=&quot;xl67&quot;&gt;
					5
				&lt;/td&gt;
				&lt;td class=&quot;xl67&quot;&gt;
					35
				&lt;/td&gt;
				&lt;td class=&quot;xl67&quot;&gt;
					175
				&lt;/td&gt;
			&lt;/tr&gt;
			&lt;tr&gt;
				&lt;td height=&quot;33&quot; class=&quot;xl67&quot;&gt;
					串珠
				&lt;/td&gt;
				&lt;td class=&quot;xl67&quot;&gt;
					盒
				&lt;/td&gt;
				&lt;td class=&quot;xl67&quot;&gt;
					5
				&lt;/td&gt;
				&lt;td class=&quot;xl67&quot;&gt;
					15
				&lt;/td&gt;
				&lt;td class=&quot;xl67&quot;&gt;
					75
				&lt;/td&gt;
			&lt;/tr&gt;
			&lt;tr&gt;
				&lt;td height=&quot;33&quot; class=&quot;xl67&quot;&gt;
					口哨
				&lt;/td&gt;
				&lt;td class=&quot;xl67&quot;&gt;
					盒
				&lt;/td&gt;
				&lt;td class=&quot;xl67&quot;&gt;
					1
				&lt;/td&gt;
				&lt;td class=&quot;xl67&quot;&gt;
					16
				&lt;/td&gt;
				&lt;td class=&quot;xl67&quot;&gt;
					16
				&lt;/td&gt;
			&lt;/tr&gt;
			&lt;tr&gt;
				&lt;td height=&quot;33&quot; class=&quot;xl67&quot;&gt;
					魔方
				&lt;/td&gt;
				&lt;td class=&quot;xl67&quot;&gt;
					个
				&lt;/td&gt;
				&lt;td class=&quot;xl67&quot;&gt;
					20
				&lt;/td&gt;
				&lt;td class=&quot;xl67&quot;&gt;
					6
				&lt;/td&gt;
				&lt;td class=&quot;xl67&quot;&gt;
					120
				&lt;/td&gt;
			&lt;/tr&gt;
			&lt;tr&gt;
				&lt;td height=&quot;33&quot; class=&quot;xl67&quot;&gt;
					小汽车
				&lt;/td&gt;
				&lt;td class=&quot;xl67&quot;&gt;
					只
				&lt;/td&gt;
				&lt;td class=&quot;xl67&quot;&gt;
					30
				&lt;/td&gt;
				&lt;td class=&quot;xl67&quot;&gt;
					2.5
				&lt;/td&gt;
				&lt;td class=&quot;xl67&quot;&gt;
					75
				&lt;/td&gt;
			&lt;/tr&gt;
			&lt;tr&gt;
				&lt;td height=&quot;33&quot; class=&quot;xl67&quot;&gt;
					打气筒
				&lt;/td&gt;
				&lt;td class=&quot;xl67&quot;&gt;
					个
				&lt;/td&gt;
				&lt;td class=&quot;xl67&quot;&gt;
					5
				&lt;/td&gt;
				&lt;td class=&quot;xl67&quot;&gt;
					10
				&lt;/td&gt;
				&lt;td class=&quot;xl67&quot;&gt;
					50
				&lt;/td&gt;
			&lt;/tr&gt;
			&lt;tr&gt;
				&lt;td height=&quot;33&quot; class=&quot;xl67&quot;&gt;
					文具盒
				&lt;/td&gt;
				&lt;td class=&quot;xl67&quot;&gt;
					个
				&lt;/td&gt;
				&lt;td class=&quot;xl67&quot;&gt;
					20
				&lt;/td&gt;
				&lt;td class=&quot;xl67&quot;&gt;
					4.5
				&lt;/td&gt;
				&lt;td class=&quot;xl67&quot;&gt;
					90
				&lt;/td&gt;
			&lt;/tr&gt;
			&lt;tr&gt;
				&lt;td height=&quot;33&quot; class=&quot;xl67&quot;&gt;
					12色水彩
				&lt;/td&gt;
				&lt;td class=&quot;xl67&quot;&gt;
					盒
				&lt;/td&gt;
				&lt;td class=&quot;xl67&quot;&gt;
					10
				&lt;/td&gt;
				&lt;td class=&quot;xl67&quot;&gt;
					4.5
				&lt;/td&gt;
				&lt;td class=&quot;xl67&quot;&gt;
					45
				&lt;/td&gt;
			&lt;/tr&gt;
			&lt;tr&gt;
				&lt;td height=&quot;33&quot; class=&quot;xl67&quot;&gt;
					涂鸦板
				&lt;/td&gt;
				&lt;td class=&quot;xl67&quot;&gt;
					个
				&lt;/td&gt;
				&lt;td class=&quot;xl67&quot;&gt;
					40
				&lt;/td&gt;
				&lt;td class=&quot;xl67&quot;&gt;
					2.5
				&lt;/td&gt;
				&lt;td class=&quot;xl67&quot;&gt;
					100
				&lt;/td&gt;
			&lt;/tr&gt;
			&lt;tr&gt;
				&lt;td height=&quot;33&quot; class=&quot;xl67&quot;&gt;
					赛车
				&lt;/td&gt;
				&lt;td class=&quot;xl67&quot;&gt;
					个
				&lt;/td&gt;
				&lt;td class=&quot;xl67&quot;&gt;
					40
				&lt;/td&gt;
				&lt;td class=&quot;xl67&quot;&gt;
					3.5
				&lt;/td&gt;
				&lt;td class=&quot;xl67&quot;&gt;
					140
				&lt;/td&gt;
			&lt;/tr&gt;
			&lt;tr&gt;
				&lt;td height=&quot;33&quot; class=&quot;xl67&quot;&gt;
					迷宫
				&lt;/td&gt;
				&lt;td class=&quot;xl67&quot;&gt;
					片
				&lt;/td&gt;
				&lt;td class=&quot;xl67&quot;&gt;
					5
				&lt;/td&gt;
				&lt;td class=&quot;xl67&quot;&gt;
					10
				&lt;/td&gt;
				&lt;td class=&quot;xl67&quot;&gt;
					50
				&lt;/td&gt;
			&lt;/tr&gt;
			&lt;tr&gt;
				&lt;td height=&quot;33&quot; class=&quot;xl67&quot;&gt;
					泡泡棒
				&lt;/td&gt;
				&lt;td class=&quot;xl67&quot;&gt;
					根
				&lt;/td&gt;
				&lt;td class=&quot;xl67&quot;&gt;
					30
				&lt;/td&gt;
				&lt;td class=&quot;xl67&quot;&gt;
					2.5
				&lt;/td&gt;
				&lt;td class=&quot;xl67&quot;&gt;
					75
				&lt;/td&gt;
			&lt;/tr&gt;
			&lt;tr&gt;
				&lt;td height=&quot;33&quot; class=&quot;xl67&quot;&gt;
					跳绳
				&lt;/td&gt;
				&lt;td class=&quot;xl67&quot;&gt;
					条
				&lt;/td&gt;
				&lt;td class=&quot;xl67&quot;&gt;
					5
				&lt;/td&gt;
				&lt;td class=&quot;xl67&quot;&gt;
					8
				&lt;/td&gt;
				&lt;td class=&quot;xl67&quot;&gt;
					40
				&lt;/td&gt;
			&lt;/tr&gt;
			&lt;tr&gt;
				&lt;td height=&quot;33&quot; class=&quot;xl67&quot;&gt;
					陀螺枪
				&lt;/td&gt;
				&lt;td class=&quot;xl67&quot;&gt;
					支
				&lt;/td&gt;
				&lt;td class=&quot;xl67&quot;&gt;
					20
				&lt;/td&gt;
				&lt;td class=&quot;xl67&quot;&gt;
					8
				&lt;/td&gt;
				&lt;td class=&quot;xl67&quot;&gt;
					160
				&lt;/td&gt;
			&lt;/tr&gt;
			&lt;tr&gt;
				&lt;td height=&quot;33&quot; class=&quot;xl67&quot;&gt;
					场地道具
				&lt;/td&gt;
				&lt;td class=&quot;xl67&quot;&gt;
					天
				&lt;/td&gt;
				&lt;td class=&quot;xl67&quot;&gt;
					1
				&lt;/td&gt;
				&lt;td class=&quot;xl67&quot;&gt;
					200
				&lt;/td&gt;
				&lt;td class=&quot;xl67&quot;&gt;
					200
				&lt;/td&gt;
			&lt;/tr&gt;
			&lt;tr&gt;
				&lt;td height=&quot;33&quot; class=&quot;xl67&quot;&gt;
					合计
				&lt;/td&gt;
				&lt;td class=&quot;xl67&quot;&gt;
				&lt;/td&gt;
				&lt;td class=&quot;xl67&quot;&gt;
				&lt;/td&gt;
				&lt;td class=&quot;xl67&quot;&gt;
				&lt;/td&gt;
				&lt;td class=&quot;xl67&quot;&gt;
					1721
				&lt;/td&gt;
			&lt;/tr&gt;
		&lt;/tbody&gt;
	&lt;/table&gt;
三、资金余额 &amp;nbsp;179元（下次活动使用）
&lt;/p&gt;
&lt;p style=&quot;text-align:right;&quot;&gt;
	捷龙盛世服务中心
&lt;/p&gt;
&lt;p style=&quot;text-align:right;&quot;&gt;
	2016年5月29日
&lt;/p&gt;','1464680150','1') [ RunTime:0.0000s ]
INFO: [ view_parse ] --START--
INFO: [ template_filter ] --START--
INFO: Run Behavior\ContentReplaceBehavior [ RunTime:0.000000s ]
INFO: [ template_filter ] --END-- [ RunTime:0.000000s ]
INFO: Run Behavior\ParseTemplateBehavior [ RunTime:0.015625s ]
INFO: [ view_parse ] --END-- [ RunTime:0.015625s ]
INFO: [ view_filter ] --START--
INFO: Run Behavior\WriteHtmlCacheBehavior [ RunTime:0.000000s ]
INFO: [ view_filter ] --END-- [ RunTime:0.000000s ]
INFO: [ app_end ] --START--
INFO: Run Behavior\ShowPageTraceBehavior [ RunTime:0.015624s ]
INFO: [ app_end ] --END-- [ RunTime:0.015624s ]

[ 2016-05-31T15:35:52+08:00 ] 222.79.136.12 /index.php/Home/Donation/donationList.html
INFO: [ app_init ] --START--
INFO: Run Behavior\BuildLiteBehavior [ RunTime:0.000000s ]
INFO: [ app_init ] --END-- [ RunTime:0.015624s ]
INFO: [ app_begin ] --START--
INFO: Run Behavior\ReadHtmlCacheBehavior [ RunTime:0.000000s ]
INFO: [ app_begin ] --END-- [ RunTime:0.000000s ]
SQL: SHOW COLUMNS FROM `weixin_donation` [ RunTime:0.0000s ]
SQL: SELECT * FROM `weixin_donation` WHERE ( status=1 )  [ RunTime:0.0000s ]
INFO: [ view_parse ] --START--
INFO: [ template_filter ] --START--
INFO: Run Behavior\ContentReplaceBehavior [ RunTime:0.000000s ]
INFO: [ template_filter ] --END-- [ RunTime:0.000000s ]
INFO: Run Behavior\ParseTemplateBehavior [ RunTime:0.015625s ]
INFO: [ view_parse ] --END-- [ RunTime:0.015625s ]
INFO: [ view_filter ] --START--
INFO: Run Behavior\WriteHtmlCacheBehavior [ RunTime:0.000000s ]
INFO: [ view_filter ] --END-- [ RunTime:0.000000s ]
INFO: [ app_end ] --START--
INFO: Run Behavior\ShowPageTraceBehavior [ RunTime:0.000000s ]
INFO: [ app_end ] --END-- [ RunTime:0.000000s ]

[ 2016-05-31T15:35:54+08:00 ] 222.79.136.12 /index.php/Home/Donation/listone/did/10.html
INFO: [ app_init ] --START--
INFO: Run Behavior\BuildLiteBehavior [ RunTime:0.000000s ]
INFO: [ app_init ] --END-- [ RunTime:0.000000s ]
INFO: [ app_begin ] --START--
INFO: Run Behavior\ReadHtmlCacheBehavior [ RunTime:0.000000s ]
INFO: [ app_begin ] --END-- [ RunTime:0.000000s ]
SQL: SHOW COLUMNS FROM `weixin_donation` [ RunTime:0.0000s ]
SQL: SELECT * FROM `weixin_donation` WHERE `id` = 10 LIMIT 1   [ RunTime:0.0000s ]
INFO: [ view_parse ] --START--
INFO: [ template_filter ] --START--
INFO: Run Behavior\ContentReplaceBehavior [ RunTime:0.000000s ]
INFO: [ template_filter ] --END-- [ RunTime:0.000000s ]
INFO: Run Behavior\ParseTemplateBehavior [ RunTime:0.000000s ]
INFO: [ view_parse ] --END-- [ RunTime:0.000000s ]
INFO: [ view_filter ] --START--
INFO: Run Behavior\WriteHtmlCacheBehavior [ RunTime:0.015624s ]
INFO: [ view_filter ] --END-- [ RunTime:0.015624s ]
INFO: [ app_end ] --START--
INFO: Run Behavior\ShowPageTraceBehavior [ RunTime:0.000000s ]
INFO: [ app_end ] --END-- [ RunTime:0.000000s ]

[ 2016-05-31T15:36:02+08:00 ] 222.79.136.12 /index.php/Home/Donation/donationEdit/did/10.html
INFO: [ app_init ] --START--
INFO: Run Behavior\BuildLiteBehavior [ RunTime:0.000000s ]
INFO: [ app_init ] --END-- [ RunTime:0.000000s ]
INFO: [ app_begin ] --START--
INFO: Run Behavior\ReadHtmlCacheBehavior [ RunTime:0.000000s ]
INFO: [ app_begin ] --END-- [ RunTime:0.000000s ]
SQL: SHOW COLUMNS FROM `weixin_donation` [ RunTime:0.0000s ]
SQL: SELECT * FROM `weixin_donation` WHERE `id` = 10 LIMIT 1   [ RunTime:0.0000s ]
INFO: [ view_parse ] --START--
INFO: [ template_filter ] --START--
INFO: Run Behavior\ContentReplaceBehavior [ RunTime:0.000000s ]
INFO: [ template_filter ] --END-- [ RunTime:0.000000s ]
INFO: Run Behavior\ParseTemplateBehavior [ RunTime:0.015625s ]
INFO: [ view_parse ] --END-- [ RunTime:0.015625s ]
INFO: [ view_filter ] --START--
INFO: Run Behavior\WriteHtmlCacheBehavior [ RunTime:0.000000s ]
INFO: [ view_filter ] --END-- [ RunTime:0.000000s ]
INFO: [ app_end ] --START--
INFO: Run Behavior\ShowPageTraceBehavior [ RunTime:0.000000s ]
INFO: [ app_end ] --END-- [ RunTime:0.000000s ]

[ 2016-05-31T15:36:12+08:00 ] 222.79.136.12 /index.php/Home/Donation/donationList.html
INFO: [ app_init ] --START--
INFO: Run Behavior\BuildLiteBehavior [ RunTime:0.000000s ]
INFO: [ app_init ] --END-- [ RunTime:0.000000s ]
INFO: [ app_begin ] --START--
INFO: Run Behavior\ReadHtmlCacheBehavior [ RunTime:0.000000s ]
INFO: [ app_begin ] --END-- [ RunTime:0.000000s ]
SQL: SHOW COLUMNS FROM `weixin_donation` [ RunTime:0.0156s ]
SQL: SELECT * FROM `weixin_donation` WHERE ( status=1 )  [ RunTime:0.0000s ]
INFO: [ view_parse ] --START--
INFO: [ template_filter ] --START--
INFO: Run Behavior\ContentReplaceBehavior [ RunTime:0.000000s ]
INFO: [ template_filter ] --END-- [ RunTime:0.000000s ]
INFO: Run Behavior\ParseTemplateBehavior [ RunTime:0.015624s ]
INFO: [ view_parse ] --END-- [ RunTime:0.015624s ]
INFO: [ view_filter ] --START--
INFO: Run Behavior\WriteHtmlCacheBehavior [ RunTime:0.000000s ]
INFO: [ view_filter ] --END-- [ RunTime:0.000000s ]
INFO: [ app_end ] --START--
INFO: Run Behavior\ShowPageTraceBehavior [ RunTime:0.000000s ]
INFO: [ app_end ] --END-- [ RunTime:0.000000s ]

[ 2016-05-31T15:36:14+08:00 ] 222.79.136.12 /index.php/Home/Donation/listone/did/11.html
INFO: [ app_init ] --START--
INFO: Run Behavior\BuildLiteBehavior [ RunTime:0.000000s ]
INFO: [ app_init ] --END-- [ RunTime:0.000000s ]
INFO: [ app_begin ] --START--
INFO: Run Behavior\ReadHtmlCacheBehavior [ RunTime:0.015624s ]
INFO: [ app_begin ] --END-- [ RunTime:0.015624s ]
SQL: SHOW COLUMNS FROM `weixin_donation` [ RunTime:0.0000s ]
SQL: SELECT * FROM `weixin_donation` WHERE `id` = 11 LIMIT 1   [ RunTime:0.0000s ]
INFO: [ view_parse ] --START--
INFO: [ template_filter ] --START--
INFO: Run Behavior\ContentReplaceBehavior [ RunTime:0.000000s ]
INFO: [ template_filter ] --END-- [ RunTime:0.000000s ]
INFO: Run Behavior\ParseTemplateBehavior [ RunTime:0.015624s ]
INFO: [ view_parse ] --END-- [ RunTime:0.015624s ]
INFO: [ view_filter ] --START--
INFO: Run Behavior\WriteHtmlCacheBehavior [ RunTime:0.000000s ]
INFO: [ view_filter ] --END-- [ RunTime:0.000000s ]
INFO: [ app_end ] --START--
INFO: Run Behavior\ShowPageTraceBehavior [ RunTime:0.000000s ]
INFO: [ app_end ] --END-- [ RunTime:0.000000s ]

[ 2016-05-31T15:36:17+08:00 ] 222.79.136.12 /index.php/Home/Donation/donationEdit/did/11.html
INFO: [ app_init ] --START--
INFO: Run Behavior\BuildLiteBehavior [ RunTime:0.000000s ]
INFO: [ app_init ] --END-- [ RunTime:0.000000s ]
INFO: [ app_begin ] --START--
INFO: Run Behavior\ReadHtmlCacheBehavior [ RunTime:0.000000s ]
INFO: [ app_begin ] --END-- [ RunTime:0.000000s ]
SQL: SHOW COLUMNS FROM `weixin_donation` [ RunTime:0.0000s ]
SQL: SELECT * FROM `weixin_donation` WHERE `id` = 11 LIMIT 1   [ RunTime:0.0000s ]
INFO: [ view_parse ] --START--
INFO: [ template_filter ] --START--
INFO: Run Behavior\ContentReplaceBehavior [ RunTime:0.000000s ]
INFO: [ template_filter ] --END-- [ RunTime:0.000000s ]
INFO: Run Behavior\ParseTemplateBehavior [ RunTime:0.015625s ]
INFO: [ view_parse ] --END-- [ RunTime:0.015625s ]
INFO: [ view_filter ] --START--
INFO: Run Behavior\WriteHtmlCacheBehavior [ RunTime:0.000000s ]
INFO: [ view_filter ] --END-- [ RunTime:0.000000s ]
INFO: [ app_end ] --START--
INFO: Run Behavior\ShowPageTraceBehavior [ RunTime:0.015624s ]
INFO: [ app_end ] --END-- [ RunTime:0.015624s ]

[ 2016-05-31T15:36:27+08:00 ] 222.79.136.12 /index.php/Home/Donation/donationEdit
INFO: [ app_init ] --START--
INFO: Run Behavior\BuildLiteBehavior [ RunTime:0.000000s ]
INFO: [ app_init ] --END-- [ RunTime:0.000000s ]
INFO: [ app_begin ] --START--
INFO: Run Behavior\ReadHtmlCacheBehavior [ RunTime:0.000000s ]
INFO: [ app_begin ] --END-- [ RunTime:0.000000s ]
SQL: SHOW COLUMNS FROM `weixin_donation` [ RunTime:0.0000s ]
NOTIC: [8] Undefined index: validate D:\upupw\vhosts\lejiawuye.top\ThinkPHP\Library\Think\Model.class.php 第 1185 行.
NOTIC: [8] Undefined index: auto D:\upupw\vhosts\lejiawuye.top\ThinkPHP\Library\Think\Model.class.php 第 1128 行.
SQL: SHOW COLUMNS FROM `weixin_donation` [ RunTime:0.0156s ]
SQL: UPDATE `weixin_donation` SET `title`='捷龙盛世2016年“六一儿童节”活动收支情况明细表',`content`='&lt;p&gt;
	一、收入1900元
&lt;/p&gt;
&lt;p&gt;
	二、支出明细
&lt;/p&gt;
&lt;p&gt;
	&lt;table style=&quot;width:100%;&quot; cellpadding=&quot;2&quot; cellspacing=&quot;0&quot; border=&quot;1&quot; bordercolor=&quot;#000000&quot;&gt;
		&lt;tbody&gt;
			&lt;tr&gt;
				&lt;td height=&quot;33&quot; class=&quot;xl66&quot; width=&quot;163&quot;&gt;
					购买物品名称
				&lt;/td&gt;
				&lt;td class=&quot;xl66&quot; width=&quot;122&quot;&gt;
					单位
				&lt;/td&gt;
				&lt;td class=&quot;xl66&quot; width=&quot;122&quot;&gt;
					数量
				&lt;/td&gt;
				&lt;td class=&quot;xl66&quot; width=&quot;122&quot;&gt;
					单价（元）
				&lt;/td&gt;
				&lt;td class=&quot;xl66&quot; width=&quot;122&quot;&gt;
					总价
				&lt;/td&gt;
			&lt;/tr&gt;
			&lt;tr&gt;
				&lt;td height=&quot;33&quot; class=&quot;xl67&quot;&gt;
					矿泉水
				&lt;/td&gt;
				&lt;td class=&quot;xl67&quot;&gt;
					箱
				&lt;/td&gt;
				&lt;td class=&quot;xl67&quot;&gt;
					6
				&lt;/td&gt;
				&lt;td class=&quot;xl67&quot;&gt;
					35
				&lt;/td&gt;
				&lt;td class=&quot;xl67&quot;&gt;
					210
				&lt;/td&gt;
			&lt;/tr&gt;
			&lt;tr&gt;
				&lt;td height=&quot;33&quot; class=&quot;xl67&quot;&gt;
					布条
				&lt;/td&gt;
				&lt;td class=&quot;xl67&quot;&gt;
					条
				&lt;/td&gt;
				&lt;td class=&quot;xl67&quot;&gt;
					2
				&lt;/td&gt;
				&lt;td class=&quot;xl67&quot;&gt;
					50
				&lt;/td&gt;
				&lt;td class=&quot;xl67&quot;&gt;
					100
				&lt;/td&gt;
			&lt;/tr&gt;
			&lt;tr&gt;
				&lt;td height=&quot;33&quot; class=&quot;xl67&quot;&gt;
					超级飞侠
				&lt;/td&gt;
				&lt;td class=&quot;xl67&quot;&gt;
					只
				&lt;/td&gt;
				&lt;td class=&quot;xl67&quot;&gt;
					5
				&lt;/td&gt;
				&lt;td class=&quot;xl67&quot;&gt;
					35
				&lt;/td&gt;
				&lt;td class=&quot;xl67&quot;&gt;
					175
				&lt;/td&gt;
			&lt;/tr&gt;
			&lt;tr&gt;
				&lt;td height=&quot;33&quot; class=&quot;xl67&quot;&gt;
					串珠
				&lt;/td&gt;
				&lt;td class=&quot;xl67&quot;&gt;
					盒
				&lt;/td&gt;
				&lt;td class=&quot;xl67&quot;&gt;
					5
				&lt;/td&gt;
				&lt;td class=&quot;xl67&quot;&gt;
					15
				&lt;/td&gt;
				&lt;td class=&quot;xl67&quot;&gt;
					75
				&lt;/td&gt;
			&lt;/tr&gt;
			&lt;tr&gt;
				&lt;td height=&quot;33&quot; class=&quot;xl67&quot;&gt;
					口哨
				&lt;/td&gt;
				&lt;td class=&quot;xl67&quot;&gt;
					盒
				&lt;/td&gt;
				&lt;td class=&quot;xl67&quot;&gt;
					1
				&lt;/td&gt;
				&lt;td class=&quot;xl67&quot;&gt;
					16
				&lt;/td&gt;
				&lt;td class=&quot;xl67&quot;&gt;
					16
				&lt;/td&gt;
			&lt;/tr&gt;
			&lt;tr&gt;
				&lt;td height=&quot;33&quot; class=&quot;xl67&quot;&gt;
					魔方
				&lt;/td&gt;
				&lt;td class=&quot;xl67&quot;&gt;
					个
				&lt;/td&gt;
				&lt;td class=&quot;xl67&quot;&gt;
					20
				&lt;/td&gt;
				&lt;td class=&quot;xl67&quot;&gt;
					6
				&lt;/td&gt;
				&lt;td class=&quot;xl67&quot;&gt;
					120
				&lt;/td&gt;
			&lt;/tr&gt;
			&lt;tr&gt;
				&lt;td height=&quot;33&quot; class=&quot;xl67&quot;&gt;
					小汽车
				&lt;/td&gt;
				&lt;td class=&quot;xl67&quot;&gt;
					只
				&lt;/td&gt;
				&lt;td class=&quot;xl67&quot;&gt;
					30
				&lt;/td&gt;
				&lt;td class=&quot;xl67&quot;&gt;
					2.5
				&lt;/td&gt;
				&lt;td class=&quot;xl67&quot;&gt;
					75
				&lt;/td&gt;
			&lt;/tr&gt;
			&lt;tr&gt;
				&lt;td height=&quot;33&quot; class=&quot;xl67&quot;&gt;
					打气筒
				&lt;/td&gt;
				&lt;td class=&quot;xl67&quot;&gt;
					个
				&lt;/td&gt;
				&lt;td class=&quot;xl67&quot;&gt;
					5
				&lt;/td&gt;
				&lt;td class=&quot;xl67&quot;&gt;
					10
				&lt;/td&gt;
				&lt;td class=&quot;xl67&quot;&gt;
					50
				&lt;/td&gt;
			&lt;/tr&gt;
			&lt;tr&gt;
				&lt;td height=&quot;33&quot; class=&quot;xl67&quot;&gt;
					文具盒
				&lt;/td&gt;
				&lt;td class=&quot;xl67&quot;&gt;
					个
				&lt;/td&gt;
				&lt;td class=&quot;xl67&quot;&gt;
					20
				&lt;/td&gt;
				&lt;td class=&quot;xl67&quot;&gt;
					4.5
				&lt;/td&gt;
				&lt;td class=&quot;xl67&quot;&gt;
					90
				&lt;/td&gt;
			&lt;/tr&gt;
			&lt;tr&gt;
				&lt;td height=&quot;33&quot; class=&quot;xl67&quot;&gt;
					12色水彩
				&lt;/td&gt;
				&lt;td class=&quot;xl67&quot;&gt;
					盒
				&lt;/td&gt;
				&lt;td class=&quot;xl67&quot;&gt;
					10
				&lt;/td&gt;
				&lt;td class=&quot;xl67&quot;&gt;
					4.5
				&lt;/td&gt;
				&lt;td class=&quot;xl67&quot;&gt;
					45
				&lt;/td&gt;
			&lt;/tr&gt;
			&lt;tr&gt;
				&lt;td height=&quot;33&quot; class=&quot;xl67&quot;&gt;
					涂鸦板
				&lt;/td&gt;
				&lt;td class=&quot;xl67&quot;&gt;
					个
				&lt;/td&gt;
				&lt;td class=&quot;xl67&quot;&gt;
					40
				&lt;/td&gt;
				&lt;td class=&quot;xl67&quot;&gt;
					2.5
				&lt;/td&gt;
				&lt;td class=&quot;xl67&quot;&gt;
					100
				&lt;/td&gt;
			&lt;/tr&gt;
			&lt;tr&gt;
				&lt;td height=&quot;33&quot; class=&quot;xl67&quot;&gt;
					赛车
				&lt;/td&gt;
				&lt;td class=&quot;xl67&quot;&gt;
					个
				&lt;/td&gt;
				&lt;td class=&quot;xl67&quot;&gt;
					40
				&lt;/td&gt;
				&lt;td class=&quot;xl67&quot;&gt;
					3.5
				&lt;/td&gt;
				&lt;td class=&quot;xl67&quot;&gt;
					140
				&lt;/td&gt;
			&lt;/tr&gt;
			&lt;tr&gt;
				&lt;td height=&quot;33&quot; class=&quot;xl67&quot;&gt;
					迷宫
				&lt;/td&gt;
				&lt;td class=&quot;xl67&quot;&gt;
					片
				&lt;/td&gt;
				&lt;td class=&quot;xl67&quot;&gt;
					5
				&lt;/td&gt;
				&lt;td class=&quot;xl67&quot;&gt;
					10
				&lt;/td&gt;
				&lt;td class=&quot;xl67&quot;&gt;
					50
				&lt;/td&gt;
			&lt;/tr&gt;
			&lt;tr&gt;
				&lt;td height=&quot;33&quot; class=&quot;xl67&quot;&gt;
					泡泡棒
				&lt;/td&gt;
				&lt;td class=&quot;xl67&quot;&gt;
					根
				&lt;/td&gt;
				&lt;td class=&quot;xl67&quot;&gt;
					30
				&lt;/td&gt;
				&lt;td class=&quot;xl67&quot;&gt;
					2.5
				&lt;/td&gt;
				&lt;td class=&quot;xl67&quot;&gt;
					75
				&lt;/td&gt;
			&lt;/tr&gt;
			&lt;tr&gt;
				&lt;td height=&quot;33&quot; class=&quot;xl67&quot;&gt;
					跳绳
				&lt;/td&gt;
				&lt;td class=&quot;xl67&quot;&gt;
					条
				&lt;/td&gt;
				&lt;td class=&quot;xl67&quot;&gt;
					5
				&lt;/td&gt;
				&lt;td class=&quot;xl67&quot;&gt;
					8
				&lt;/td&gt;
				&lt;td class=&quot;xl67&quot;&gt;
					40
				&lt;/td&gt;
			&lt;/tr&gt;
			&lt;tr&gt;
				&lt;td height=&quot;33&quot; class=&quot;xl67&quot;&gt;
					陀螺枪
				&lt;/td&gt;
				&lt;td class=&quot;xl67&quot;&gt;
					支
				&lt;/td&gt;
				&lt;td class=&quot;xl67&quot;&gt;
					20
				&lt;/td&gt;
				&lt;td class=&quot;xl67&quot;&gt;
					8
				&lt;/td&gt;
				&lt;td class=&quot;xl67&quot;&gt;
					160
				&lt;/td&gt;
			&lt;/tr&gt;
			&lt;tr&gt;
				&lt;td height=&quot;33&quot; class=&quot;xl67&quot;&gt;
					场地道具
				&lt;/td&gt;
				&lt;td class=&quot;xl67&quot;&gt;
					天
				&lt;/td&gt;
				&lt;td class=&quot;xl67&quot;&gt;
					1
				&lt;/td&gt;
				&lt;td class=&quot;xl67&quot;&gt;
					200
				&lt;/td&gt;
				&lt;td class=&quot;xl67&quot;&gt;
					200
				&lt;/td&gt;
			&lt;/tr&gt;
			&lt;tr&gt;
				&lt;td height=&quot;33&quot; class=&quot;xl67&quot;&gt;
					合计
				&lt;/td&gt;
				&lt;td class=&quot;xl67&quot;&gt;
				&lt;/td&gt;
				&lt;td class=&quot;xl67&quot;&gt;
				&lt;/td&gt;
				&lt;td class=&quot;xl67&quot;&gt;
				&lt;/td&gt;
				&lt;td class=&quot;xl67&quot;&gt;
					1721
				&lt;/td&gt;
			&lt;/tr&gt;
		&lt;/tbody&gt;
	&lt;/table&gt;
三、资金余额 &amp;nbsp;179元（下次活动使用）
&lt;/p&gt;
&lt;p style=&quot;text-align:right;&quot;&gt;
	捷龙盛世服务中心
&lt;/p&gt;
&lt;p style=&quot;text-align:right;&quot;&gt;
	2016年5月29日
&lt;/p&gt;' WHERE `id` = 11 [ RunTime:0.0000s ]
INFO: [ view_parse ] --START--
INFO: [ template_filter ] --START--
INFO: Run Behavior\ContentReplaceBehavior [ RunTime:0.000000s ]
INFO: [ template_filter ] --END-- [ RunTime:0.000000s ]
INFO: Run Behavior\ParseTemplateBehavior [ RunTime:0.015624s ]
INFO: [ view_parse ] --END-- [ RunTime:0.015624s ]
INFO: [ view_filter ] --START--
INFO: Run Behavior\WriteHtmlCacheBehavior [ RunTime:0.000000s ]
INFO: [ view_filter ] --END-- [ RunTime:0.000000s ]
INFO: [ app_end ] --START--
INFO: Run Behavior\ShowPageTraceBehavior [ RunTime:0.000000s ]
INFO: [ app_end ] --END-- [ RunTime:0.000000s ]

[ 2016-05-31T15:36:28+08:00 ] 222.79.136.12 /index.php/Home/Donation/donationList.html
INFO: [ app_init ] --START--
INFO: Run Behavior\BuildLiteBehavior [ RunTime:0.000000s ]
INFO: [ app_init ] --END-- [ RunTime:0.000000s ]
INFO: [ app_begin ] --START--
INFO: Run Behavior\ReadHtmlCacheBehavior [ RunTime:0.000000s ]
INFO: [ app_begin ] --END-- [ RunTime:0.000000s ]
SQL: SHOW COLUMNS FROM `weixin_donation` [ RunTime:0.0000s ]
SQL: SELECT * FROM `weixin_donation` WHERE ( status=1 )  [ RunTime:0.0000s ]
INFO: [ view_parse ] --START--
INFO: [ template_filter ] --START--
INFO: Run Behavior\ContentReplaceBehavior [ RunTime:0.000000s ]
INFO: [ template_filter ] --END-- [ RunTime:0.000000s ]
INFO: Run Behavior\ParseTemplateBehavior [ RunTime:0.015625s ]
INFO: [ view_parse ] --END-- [ RunTime:0.015625s ]
INFO: [ view_filter ] --START--
INFO: Run Behavior\WriteHtmlCacheBehavior [ RunTime:0.000000s ]
INFO: [ view_filter ] --END-- [ RunTime:0.000000s ]
INFO: [ app_end ] --START--
INFO: Run Behavior\ShowPageTraceBehavior [ RunTime:0.000000s ]
INFO: [ app_end ] --END-- [ RunTime:0.000000s ]

[ 2016-05-31T15:36:29+08:00 ] 222.79.136.12 /index.php/Home/Donation/listone/did/11.html
INFO: [ app_init ] --START--
INFO: Run Behavior\BuildLiteBehavior [ RunTime:0.000000s ]
INFO: [ app_init ] --END-- [ RunTime:0.000000s ]
INFO: [ app_begin ] --START--
INFO: Run Behavior\ReadHtmlCacheBehavior [ RunTime:0.000000s ]
INFO: [ app_begin ] --END-- [ RunTime:0.000000s ]
SQL: SHOW COLUMNS FROM `weixin_donation` [ RunTime:0.0156s ]
SQL: SELECT * FROM `weixin_donation` WHERE `id` = 11 LIMIT 1   [ RunTime:0.0000s ]
INFO: [ view_parse ] --START--
INFO: [ template_filter ] --START--
INFO: Run Behavior\ContentReplaceBehavior [ RunTime:0.000000s ]
INFO: [ template_filter ] --END-- [ RunTime:0.000000s ]
INFO: Run Behavior\ParseTemplateBehavior [ RunTime:0.015624s ]
INFO: [ view_parse ] --END-- [ RunTime:0.015624s ]
INFO: [ view_filter ] --START--
INFO: Run Behavior\WriteHtmlCacheBehavior [ RunTime:0.000000s ]
INFO: [ view_filter ] --END-- [ RunTime:0.000000s ]
INFO: [ app_end ] --START--
INFO: Run Behavior\ShowPageTraceBehavior [ RunTime:0.000000s ]
INFO: [ app_end ] --END-- [ RunTime:0.000000s ]

[ 2016-05-31T15:38:03+08:00 ] 106.120.160.119 /index.php/Home/Donation/listone/did/11.html
INFO: [ app_init ] --START--
INFO: Run Behavior\BuildLiteBehavior [ RunTime:0.000000s ]
INFO: [ app_init ] --END-- [ RunTime:0.000000s ]
INFO: [ app_begin ] --START--
INFO: Run Behavior\ReadHtmlCacheBehavior [ RunTime:0.000000s ]
INFO: [ app_begin ] --END-- [ RunTime:0.000000s ]
SQL: SHOW COLUMNS FROM `weixin_donation` [ RunTime:0.0000s ]
SQL: SELECT * FROM `weixin_donation` WHERE `id` = 11 LIMIT 1   [ RunTime:0.0000s ]
INFO: [ view_parse ] --START--
INFO: [ template_filter ] --START--
INFO: Run Behavior\ContentReplaceBehavior [ RunTime:0.000000s ]
INFO: [ template_filter ] --END-- [ RunTime:0.000000s ]
INFO: Run Behavior\ParseTemplateBehavior [ RunTime:0.015624s ]
INFO: [ view_parse ] --END-- [ RunTime:0.015624s ]
INFO: [ view_filter ] --START--
INFO: Run Behavior\WriteHtmlCacheBehavior [ RunTime:0.000000s ]
INFO: [ view_filter ] --END-- [ RunTime:0.000000s ]
INFO: [ app_end ] --START--
INFO: Run Behavior\ShowPageTraceBehavior [ RunTime:0.000000s ]
INFO: [ app_end ] --END-- [ RunTime:0.000000s ]

[ 2016-05-31T15:38:18+08:00 ] 220.181.132.196 /index.php/Home/Donation/listone/did/11.html
INFO: [ app_init ] --START--
INFO: Run Behavior\BuildLiteBehavior [ RunTime:0.000000s ]
INFO: [ app_init ] --END-- [ RunTime:0.000000s ]
INFO: [ app_begin ] --START--
INFO: Run Behavior\ReadHtmlCacheBehavior [ RunTime:0.000000s ]
INFO: [ app_begin ] --END-- [ RunTime:0.000000s ]
SQL: SHOW COLUMNS FROM `weixin_donation` [ RunTime:0.0000s ]
SQL: SELECT * FROM `weixin_donation` WHERE `id` = 11 LIMIT 1   [ RunTime:0.0000s ]
INFO: [ view_parse ] --START--
INFO: [ template_filter ] --START--
INFO: Run Behavior\ContentReplaceBehavior [ RunTime:0.000000s ]
INFO: [ template_filter ] --END-- [ RunTime:0.000000s ]
INFO: Run Behavior\ParseTemplateBehavior [ RunTime:0.015624s ]
INFO: [ view_parse ] --END-- [ RunTime:0.015624s ]
INFO: [ view_filter ] --START--
INFO: Run Behavior\WriteHtmlCacheBehavior [ RunTime:0.000000s ]
INFO: [ view_filter ] --END-- [ RunTime:0.000000s ]
INFO: [ app_end ] --START--
INFO: Run Behavior\ShowPageTraceBehavior [ RunTime:0.000000s ]
INFO: [ app_end ] --END-- [ RunTime:0.000000s ]

[ 2016-05-31T15:38:36+08:00 ] 106.120.160.119 /index.php/Home/Donation/donationEdit/did/10.html
INFO: [ app_init ] --START--
INFO: Run Behavior\BuildLiteBehavior [ RunTime:0.000000s ]
INFO: [ app_init ] --END-- [ RunTime:0.000000s ]
INFO: [ app_begin ] --START--
INFO: Run Behavior\ReadHtmlCacheBehavior [ RunTime:0.000000s ]
INFO: [ app_begin ] --END-- [ RunTime:0.000000s ]
SQL: SHOW COLUMNS FROM `weixin_donation` [ RunTime:0.0000s ]
SQL: SELECT * FROM `weixin_donation` WHERE `id` = 10 LIMIT 1   [ RunTime:0.0000s ]
INFO: [ view_parse ] --START--
INFO: [ template_filter ] --START--
INFO: Run Behavior\ContentReplaceBehavior [ RunTime:0.000000s ]
INFO: [ template_filter ] --END-- [ RunTime:0.000000s ]
INFO: Run Behavior\ParseTemplateBehavior [ RunTime:0.015625s ]
INFO: [ view_parse ] --END-- [ RunTime:0.015625s ]
INFO: [ view_filter ] --START--
INFO: Run Behavior\WriteHtmlCacheBehavior [ RunTime:0.000000s ]
INFO: [ view_filter ] --END-- [ RunTime:0.000000s ]
INFO: [ app_end ] --START--
INFO: Run Behavior\ShowPageTraceBehavior [ RunTime:0.015624s ]
INFO: [ app_end ] --END-- [ RunTime:0.015624s ]

[ 2016-05-31T15:38:45+08:00 ] 220.181.132.195 /index.php/Home/Donation/donationEdit/did/10.html
INFO: [ app_init ] --START--
INFO: Run Behavior\BuildLiteBehavior [ RunTime:0.000000s ]
INFO: [ app_init ] --END-- [ RunTime:0.000000s ]
INFO: [ app_begin ] --START--
INFO: Run Behavior\ReadHtmlCacheBehavior [ RunTime:0.000000s ]
INFO: [ app_begin ] --END-- [ RunTime:0.000000s ]
SQL: SHOW COLUMNS FROM `weixin_donation` [ RunTime:0.0000s ]
SQL: SELECT * FROM `weixin_donation` WHERE `id` = 10 LIMIT 1   [ RunTime:0.0000s ]
INFO: [ view_parse ] --START--
INFO: [ template_filter ] --START--
INFO: Run Behavior\ContentReplaceBehavior [ RunTime:0.000000s ]
INFO: [ template_filter ] --END-- [ RunTime:0.000000s ]
INFO: Run Behavior\ParseTemplateBehavior [ RunTime:0.015624s ]
INFO: [ view_parse ] --END-- [ RunTime:0.015624s ]
INFO: [ view_filter ] --START--
INFO: Run Behavior\WriteHtmlCacheBehavior [ RunTime:0.015625s ]
INFO: [ view_filter ] --END-- [ RunTime:0.015625s ]
INFO: [ app_end ] --START--
INFO: Run Behavior\ShowPageTraceBehavior [ RunTime:0.000000s ]
INFO: [ app_end ] --END-- [ RunTime:0.000000s ]

[ 2016-05-31T15:39:05+08:00 ] 106.120.160.119 /index.php/Home/Donation/donationEdit/did/11.html
INFO: [ app_init ] --START--
INFO: Run Behavior\BuildLiteBehavior [ RunTime:0.000000s ]
INFO: [ app_init ] --END-- [ RunTime:0.000000s ]
INFO: [ app_begin ] --START--
INFO: Run Behavior\ReadHtmlCacheBehavior [ RunTime:0.000000s ]
INFO: [ app_begin ] --END-- [ RunTime:0.000000s ]
SQL: SHOW COLUMNS FROM `weixin_donation` [ RunTime:0.0000s ]
SQL: SELECT * FROM `weixin_donation` WHERE `id` = 11 LIMIT 1   [ RunTime:0.0000s ]
INFO: [ view_parse ] --START--
INFO: [ template_filter ] --START--
INFO: Run Behavior\ContentReplaceBehavior [ RunTime:0.000000s ]
INFO: [ template_filter ] --END-- [ RunTime:0.000000s ]
INFO: Run Behavior\ParseTemplateBehavior [ RunTime:0.015625s ]
INFO: [ view_parse ] --END-- [ RunTime:0.015625s ]
INFO: [ view_filter ] --START--
INFO: Run Behavior\WriteHtmlCacheBehavior [ RunTime:0.015624s ]
INFO: [ view_filter ] --END-- [ RunTime:0.015624s ]
INFO: [ app_end ] --START--
INFO: Run Behavior\ShowPageTraceBehavior [ RunTime:0.000000s ]
INFO: [ app_end ] --END-- [ RunTime:0.000000s ]

[ 2016-05-31T15:39:14+08:00 ] 101.199.112.54 /index.php/Home/Donation/donationEdit/did/11.html
INFO: [ app_init ] --START--
INFO: Run Behavior\BuildLiteBehavior [ RunTime:0.000000s ]
INFO: [ app_init ] --END-- [ RunTime:0.000000s ]
INFO: [ app_begin ] --START--
INFO: Run Behavior\ReadHtmlCacheBehavior [ RunTime:0.000000s ]
INFO: [ app_begin ] --END-- [ RunTime:0.000000s ]
SQL: SHOW COLUMNS FROM `weixin_donation` [ RunTime:0.0000s ]
SQL: SELECT * FROM `weixin_donation` WHERE `id` = 11 LIMIT 1   [ RunTime:0.0000s ]
INFO: [ view_parse ] --START--
INFO: [ template_filter ] --START--
INFO: Run Behavior\ContentReplaceBehavior [ RunTime:0.000000s ]
INFO: [ template_filter ] --END-- [ RunTime:0.000000s ]
INFO: Run Behavior\ParseTemplateBehavior [ RunTime:0.015624s ]
INFO: [ view_parse ] --END-- [ RunTime:0.015624s ]
INFO: [ view_filter ] --START--
INFO: Run Behavior\WriteHtmlCacheBehavior [ RunTime:0.000000s ]
INFO: [ view_filter ] --END-- [ RunTime:0.000000s ]
INFO: [ app_end ] --START--
INFO: Run Behavior\ShowPageTraceBehavior [ RunTime:0.000000s ]
INFO: [ app_end ] --END-- [ RunTime:0.000000s ]

[ 2016-05-31T15:40:47+08:00 ] 222.79.136.12 /index.php/Home/Donation/listone/did/10.html
INFO: [ app_init ] --START--
INFO: Run Behavior\BuildLiteBehavior [ RunTime:0.000000s ]
INFO: [ app_init ] --END-- [ RunTime:0.000000s ]
INFO: [ app_begin ] --START--
INFO: Run Behavior\ReadHtmlCacheBehavior [ RunTime:0.000000s ]
INFO: [ app_begin ] --END-- [ RunTime:0.000000s ]
SQL: SHOW COLUMNS FROM `weixin_donation` [ RunTime:0.0000s ]
SQL: SELECT * FROM `weixin_donation` WHERE `id` = 10 LIMIT 1   [ RunTime:0.0000s ]
INFO: [ view_parse ] --START--
INFO: [ template_filter ] --START--
INFO: Run Behavior\ContentReplaceBehavior [ RunTime:0.000000s ]
INFO: [ template_filter ] --END-- [ RunTime:0.000000s ]
INFO: Run Behavior\ParseTemplateBehavior [ RunTime:0.000000s ]
INFO: [ view_parse ] --END-- [ RunTime:0.015625s ]
INFO: [ view_filter ] --START--
INFO: Run Behavior\WriteHtmlCacheBehavior [ RunTime:0.015624s ]
INFO: [ view_filter ] --END-- [ RunTime:0.015624s ]
INFO: [ app_end ] --START--
INFO: Run Behavior\ShowPageTraceBehavior [ RunTime:0.000000s ]
INFO: [ app_end ] --END-- [ RunTime:0.000000s ]

[ 2016-05-31T15:41:02+08:00 ] 222.79.136.12 /index.php/Home/Donation/listone/did/11.html
INFO: [ app_init ] --START--
INFO: Run Behavior\BuildLiteBehavior [ RunTime:0.000000s ]
INFO: [ app_init ] --END-- [ RunTime:0.000000s ]
INFO: [ app_begin ] --START--
INFO: Run Behavior\ReadHtmlCacheBehavior [ RunTime:0.015624s ]
INFO: [ app_begin ] --END-- [ RunTime:0.015624s ]
SQL: SHOW COLUMNS FROM `weixin_donation` [ RunTime:0.0000s ]
SQL: SELECT * FROM `weixin_donation` WHERE `id` = 11 LIMIT 1   [ RunTime:0.0000s ]
INFO: [ view_parse ] --START--
INFO: [ template_filter ] --START--
INFO: Run Behavior\ContentReplaceBehavior [ RunTime:0.000000s ]
INFO: [ template_filter ] --END-- [ RunTime:0.000000s ]
INFO: Run Behavior\ParseTemplateBehavior [ RunTime:0.015624s ]
INFO: [ view_parse ] --END-- [ RunTime:0.015624s ]
INFO: [ view_filter ] --START--
INFO: Run Behavior\WriteHtmlCacheBehavior [ RunTime:0.000000s ]
INFO: [ view_filter ] --END-- [ RunTime:0.000000s ]
INFO: [ app_end ] --START--
INFO: Run Behavior\ShowPageTraceBehavior [ RunTime:0.000000s ]
INFO: [ app_end ] --END-- [ RunTime:0.000000s ]

[ 2016-05-31T15:42:44+08:00 ] 106.120.160.119 /index.php/Home/Donation/listone/did/10.html
INFO: [ app_init ] --START--
INFO: Run Behavior\BuildLiteBehavior [ RunTime:0.000000s ]
INFO: [ app_init ] --END-- [ RunTime:0.000000s ]
INFO: [ app_begin ] --START--
INFO: Run Behavior\ReadHtmlCacheBehavior [ RunTime:0.000000s ]
INFO: [ app_begin ] --END-- [ RunTime:0.000000s ]
SQL: SHOW COLUMNS FROM `weixin_donation` [ RunTime:0.0156s ]
SQL: SELECT * FROM `weixin_donation` WHERE `id` = 10 LIMIT 1   [ RunTime:0.0000s ]
INFO: [ view_parse ] --START--
INFO: [ template_filter ] --START--
INFO: Run Behavior\ContentReplaceBehavior [ RunTime:0.000000s ]
INFO: [ template_filter ] --END-- [ RunTime:0.000000s ]
INFO: Run Behavior\ParseTemplateBehavior [ RunTime:0.015625s ]
INFO: [ view_parse ] --END-- [ RunTime:0.015625s ]
INFO: [ view_filter ] --START--
INFO: Run Behavior\WriteHtmlCacheBehavior [ RunTime:0.000000s ]
INFO: [ view_filter ] --END-- [ RunTime:0.000000s ]
INFO: [ app_end ] --START--
INFO: Run Behavior\ShowPageTraceBehavior [ RunTime:0.000000s ]
INFO: [ app_end ] --END-- [ RunTime:0.000000s ]

[ 2016-05-31T15:42:58+08:00 ] 220.181.132.197 /index.php/Home/Donation/listone/did/10.html
INFO: [ app_init ] --START--
INFO: Run Behavior\BuildLiteBehavior [ RunTime:0.000000s ]
INFO: [ app_init ] --END-- [ RunTime:0.000000s ]
INFO: [ app_begin ] --START--
INFO: Run Behavior\ReadHtmlCacheBehavior [ RunTime:0.000000s ]
INFO: [ app_begin ] --END-- [ RunTime:0.000000s ]
SQL: SHOW COLUMNS FROM `weixin_donation` [ RunTime:0.0000s ]
SQL: SELECT * FROM `weixin_donation` WHERE `id` = 10 LIMIT 1   [ RunTime:0.0000s ]
INFO: [ view_parse ] --START--
INFO: [ template_filter ] --START--
INFO: Run Behavior\ContentReplaceBehavior [ RunTime:0.000000s ]
INFO: [ template_filter ] --END-- [ RunTime:0.000000s ]
INFO: Run Behavior\ParseTemplateBehavior [ RunTime:0.015624s ]
INFO: [ view_parse ] --END-- [ RunTime:0.015624s ]
INFO: [ view_filter ] --START--
INFO: Run Behavior\WriteHtmlCacheBehavior [ RunTime:0.015625s ]
INFO: [ view_filter ] --END-- [ RunTime:0.015625s ]
INFO: [ app_end ] --START--
INFO: Run Behavior\ShowPageTraceBehavior [ RunTime:0.000000s ]
INFO: [ app_end ] --END-- [ RunTime:0.000000s ]

[ 2016-05-31T16:24:48+08:00 ] 101.226.125.120 /index.php/Home/Activity/activeAdd
INFO: [ app_init ] --START--
INFO: Run Behavior\BuildLiteBehavior [ RunTime:0.000000s ]
INFO: [ app_init ] --END-- [ RunTime:0.000000s ]
INFO: [ app_begin ] --START--
INFO: Run Behavior\ReadHtmlCacheBehavior [ RunTime:0.000000s ]
INFO: [ app_begin ] --END-- [ RunTime:0.000000s ]
SQL: SHOW COLUMNS FROM `weixin_activity` [ RunTime:0.0156s ]
INFO: [ view_parse ] --START--
INFO: [ template_filter ] --START--
INFO: Run Behavior\ContentReplaceBehavior [ RunTime:0.015625s ]
INFO: [ template_filter ] --END-- [ RunTime:0.015625s ]
INFO: Run Behavior\ParseTemplateBehavior [ RunTime:0.015625s ]
INFO: [ view_parse ] --END-- [ RunTime:0.015625s ]
INFO: [ view_filter ] --START--
INFO: Run Behavior\WriteHtmlCacheBehavior [ RunTime:0.000000s ]
INFO: [ view_filter ] --END-- [ RunTime:0.000000s ]
INFO: [ app_end ] --START--
INFO: Run Behavior\ShowPageTraceBehavior [ RunTime:0.000000s ]
INFO: [ app_end ] --END-- [ RunTime:0.000000s ]

[ 2016-05-31T17:09:10+08:00 ] 222.77.7.72 /index.php/Home/Donation/listone/did/10.html
INFO: [ app_init ] --START--
INFO: Run Behavior\BuildLiteBehavior [ RunTime:0.000000s ]
INFO: [ app_init ] --END-- [ RunTime:0.000000s ]
INFO: [ app_begin ] --START--
INFO: Run Behavior\ReadHtmlCacheBehavior [ RunTime:0.000000s ]
INFO: [ app_begin ] --END-- [ RunTime:0.000000s ]
SQL: SHOW COLUMNS FROM `weixin_donation` [ RunTime:0.0000s ]
SQL: SELECT * FROM `weixin_donation` WHERE `id` = 10 LIMIT 1   [ RunTime:0.0000s ]
INFO: [ view_parse ] --START--
INFO: [ template_filter ] --START--
INFO: Run Behavior\ContentReplaceBehavior [ RunTime:0.000000s ]
INFO: [ template_filter ] --END-- [ RunTime:0.000000s ]
INFO: Run Behavior\ParseTemplateBehavior [ RunTime:0.000000s ]
INFO: [ view_parse ] --END-- [ RunTime:0.000000s ]
INFO: [ view_filter ] --START--
INFO: Run Behavior\WriteHtmlCacheBehavior [ RunTime:0.015624s ]
INFO: [ view_filter ] --END-- [ RunTime:0.015624s ]
INFO: [ app_end ] --START--
INFO: Run Behavior\ShowPageTraceBehavior [ RunTime:0.000000s ]
INFO: [ app_end ] --END-- [ RunTime:0.000000s ]

[ 2016-05-31T17:09:29+08:00 ] 222.77.7.72 /index.php/Home/Donation/listone/did/10.html
INFO: [ app_init ] --START--
INFO: Run Behavior\BuildLiteBehavior [ RunTime:0.000000s ]
INFO: [ app_init ] --END-- [ RunTime:0.000000s ]
INFO: [ app_begin ] --START--
INFO: Run Behavior\ReadHtmlCacheBehavior [ RunTime:0.015624s ]
INFO: [ app_begin ] --END-- [ RunTime:0.015624s ]
SQL: SHOW COLUMNS FROM `weixin_donation` [ RunTime:0.0156s ]
SQL: SELECT * FROM `weixin_donation` WHERE `id` = 10 LIMIT 1   [ RunTime:0.0000s ]
INFO: [ view_parse ] --START--
INFO: [ template_filter ] --START--
INFO: Run Behavior\ContentReplaceBehavior [ RunTime:0.000000s ]
INFO: [ template_filter ] --END-- [ RunTime:0.000000s ]
INFO: Run Behavior\ParseTemplateBehavior [ RunTime:0.015625s ]
INFO: [ view_parse ] --END-- [ RunTime:0.015625s ]
INFO: [ view_filter ] --START--
INFO: Run Behavior\WriteHtmlCacheBehavior [ RunTime:0.000000s ]
INFO: [ view_filter ] --END-- [ RunTime:0.000000s ]
INFO: [ app_end ] --START--
INFO: Run Behavior\ShowPageTraceBehavior [ RunTime:0.000000s ]
INFO: [ app_end ] --END-- [ RunTime:0.000000s ]

[ 2016-05-31T17:09:34+08:00 ] 222.77.7.72 /index.php/Home/Donation/listone/did/11.html
INFO: [ app_init ] --START--
INFO: Run Behavior\BuildLiteBehavior [ RunTime:0.000000s ]
INFO: [ app_init ] --END-- [ RunTime:0.000000s ]
INFO: [ app_begin ] --START--
INFO: Run Behavior\ReadHtmlCacheBehavior [ RunTime:0.000000s ]
INFO: [ app_begin ] --END-- [ RunTime:0.000000s ]
SQL: SHOW COLUMNS FROM `weixin_donation` [ RunTime:0.0000s ]
SQL: SELECT * FROM `weixin_donation` WHERE `id` = 11 LIMIT 1   [ RunTime:0.0000s ]
INFO: [ view_parse ] --START--
INFO: [ template_filter ] --START--
INFO: Run Behavior\ContentReplaceBehavior [ RunTime:0.000000s ]
INFO: [ template_filter ] --END-- [ RunTime:0.000000s ]
INFO: Run Behavior\ParseTemplateBehavior [ RunTime:0.015624s ]
INFO: [ view_parse ] --END-- [ RunTime:0.015624s ]
INFO: [ view_filter ] --START--
INFO: Run Behavior\WriteHtmlCacheBehavior [ RunTime:0.000000s ]
INFO: [ view_filter ] --END-- [ RunTime:0.000000s ]
INFO: [ app_end ] --START--
INFO: Run Behavior\ShowPageTraceBehavior [ RunTime:0.000000s ]
INFO: [ app_end ] --END-- [ RunTime:0.000000s ]

[ 2016-05-31T21:22:46+08:00 ] 180.153.81.159 /index.php/Home/Activity/activeAdd
INFO: [ app_init ] --START--
INFO: Run Behavior\BuildLiteBehavior [ RunTime:0.000000s ]
INFO: [ app_init ] --END-- [ RunTime:0.000000s ]
INFO: [ app_begin ] --START--
INFO: Run Behavior\ReadHtmlCacheBehavior [ RunTime:0.000000s ]
INFO: [ app_begin ] --END-- [ RunTime:0.000000s ]
SQL: SHOW COLUMNS FROM `weixin_activity` [ RunTime:0.0000s ]
INFO: [ view_parse ] --START--
INFO: [ template_filter ] --START--
INFO: Run Behavior\ContentReplaceBehavior [ RunTime:0.000000s ]
INFO: [ template_filter ] --END-- [ RunTime:0.000000s ]
INFO: Run Behavior\ParseTemplateBehavior [ RunTime:0.015624s ]
INFO: [ view_parse ] --END-- [ RunTime:0.015624s ]
INFO: [ view_filter ] --START--
INFO: Run Behavior\WriteHtmlCacheBehavior [ RunTime:0.000000s ]
INFO: [ view_filter ] --END-- [ RunTime:0.000000s ]
INFO: [ app_end ] --START--
INFO: Run Behavior\ShowPageTraceBehavior [ RunTime:0.000000s ]
INFO: [ app_end ] --END-- [ RunTime:0.000000s ]

[ 2016-05-31T22:51:39+08:00 ] 27.151.213.196 /index.php/Home/Donation/listone/did/10.html
INFO: [ app_init ] --START--
INFO: Run Behavior\BuildLiteBehavior [ RunTime:0.000000s ]
INFO: [ app_init ] --END-- [ RunTime:0.000000s ]
INFO: [ app_begin ] --START--
INFO: Run Behavior\ReadHtmlCacheBehavior [ RunTime:0.000000s ]
INFO: [ app_begin ] --END-- [ RunTime:0.000000s ]
SQL: SHOW COLUMNS FROM `weixin_donation` [ RunTime:0.0000s ]
SQL: SELECT * FROM `weixin_donation` WHERE `id` = 10 LIMIT 1   [ RunTime:0.0000s ]
INFO: [ view_parse ] --START--
INFO: [ template_filter ] --START--
INFO: Run Behavior\ContentReplaceBehavior [ RunTime:0.000000s ]
INFO: [ template_filter ] --END-- [ RunTime:0.000000s ]
INFO: Run Behavior\ParseTemplateBehavior [ RunTime:0.015624s ]
INFO: [ view_parse ] --END-- [ RunTime:0.015624s ]
INFO: [ view_filter ] --START--
INFO: Run Behavior\WriteHtmlCacheBehavior [ RunTime:0.000000s ]
INFO: [ view_filter ] --END-- [ RunTime:0.000000s ]
INFO: [ app_end ] --START--
INFO: Run Behavior\ShowPageTraceBehavior [ RunTime:0.000000s ]
INFO: [ app_end ] --END-- [ RunTime:0.000000s ]

[ 2016-05-31T22:51:45+08:00 ] 27.151.213.196 /index.php/Home/Donation/listone/did/11.html
INFO: [ app_init ] --START--
INFO: Run Behavior\BuildLiteBehavior [ RunTime:0.000000s ]
INFO: [ app_init ] --END-- [ RunTime:0.000000s ]
INFO: [ app_begin ] --START--
INFO: Run Behavior\ReadHtmlCacheBehavior [ RunTime:0.015624s ]
INFO: [ app_begin ] --END-- [ RunTime:0.015624s ]
SQL: SHOW COLUMNS FROM `weixin_donation` [ RunTime:0.0000s ]
SQL: SELECT * FROM `weixin_donation` WHERE `id` = 11 LIMIT 1   [ RunTime:0.0000s ]
INFO: [ view_parse ] --START--
INFO: [ template_filter ] --START--
INFO: Run Behavior\ContentReplaceBehavior [ RunTime:0.000000s ]
INFO: [ template_filter ] --END-- [ RunTime:0.000000s ]
INFO: Run Behavior\ParseTemplateBehavior [ RunTime:0.015624s ]
INFO: [ view_parse ] --END-- [ RunTime:0.015624s ]
INFO: [ view_filter ] --START--
INFO: Run Behavior\WriteHtmlCacheBehavior [ RunTime:0.000000s ]
INFO: [ view_filter ] --END-- [ RunTime:0.000000s ]
INFO: [ app_end ] --START--
INFO: Run Behavior\ShowPageTraceBehavior [ RunTime:0.000000s ]
INFO: [ app_end ] --END-- [ RunTime:0.000000s ]

[ 2016-05-31T22:52:05+08:00 ] 27.151.213.196 /index.php/Home/Donation
INFO: [ app_init ] --START--
INFO: Run Behavior\BuildLiteBehavior [ RunTime:0.000000s ]
INFO: [ app_init ] --END-- [ RunTime:0.000000s ]
INFO: [ app_begin ] --START--
INFO: Run Behavior\ReadHtmlCacheBehavior [ RunTime:0.000000s ]
INFO: [ app_begin ] --END-- [ RunTime:0.000000s ]
SQL: SHOW COLUMNS FROM `weixin_donation` [ RunTime:0.0000s ]
SQL: SELECT * FROM `weixin_donation` WHERE ( status=1 )  [ RunTime:0.0000s ]
INFO: [ view_parse ] --START--
INFO: [ template_filter ] --START--
INFO: Run Behavior\ContentReplaceBehavior [ RunTime:0.000000s ]
INFO: [ template_filter ] --END-- [ RunTime:0.000000s ]
INFO: Run Behavior\ParseTemplateBehavior [ RunTime:0.015625s ]
INFO: [ view_parse ] --END-- [ RunTime:0.015625s ]
INFO: [ view_filter ] --START--
INFO: Run Behavior\WriteHtmlCacheBehavior [ RunTime:0.000000s ]
INFO: [ view_filter ] --END-- [ RunTime:0.000000s ]
INFO: [ app_end ] --START--
INFO: Run Behavior\ShowPageTraceBehavior [ RunTime:0.000000s ]
INFO: [ app_end ] --END-- [ RunTime:0.000000s ]

[ 2016-05-31T23:29:36+08:00 ] 117.136.11.162 /index.php/Home/Donation
INFO: [ app_init ] --START--
INFO: Run Behavior\BuildLiteBehavior [ RunTime:0.000000s ]
INFO: [ app_init ] --END-- [ RunTime:0.000000s ]
INFO: [ app_begin ] --START--
INFO: Run Behavior\ReadHtmlCacheBehavior [ RunTime:0.000000s ]
INFO: [ app_begin ] --END-- [ RunTime:0.000000s ]
SQL: SHOW COLUMNS FROM `weixin_donation` [ RunTime:0.0000s ]
SQL: SELECT * FROM `weixin_donation` WHERE ( status=1 )  [ RunTime:0.0000s ]
INFO: [ view_parse ] --START--
INFO: [ template_filter ] --START--
INFO: Run Behavior\ContentReplaceBehavior [ RunTime:0.000000s ]
INFO: [ template_filter ] --END-- [ RunTime:0.000000s ]
INFO: Run Behavior\ParseTemplateBehavior [ RunTime:0.015624s ]
INFO: [ view_parse ] --END-- [ RunTime:0.015624s ]
INFO: [ view_filter ] --START--
INFO: Run Behavior\WriteHtmlCacheBehavior [ RunTime:0.000000s ]
INFO: [ view_filter ] --END-- [ RunTime:0.000000s ]
INFO: [ app_end ] --START--
INFO: Run Behavior\ShowPageTraceBehavior [ RunTime:0.000000s ]
INFO: [ app_end ] --END-- [ RunTime:0.000000s ]

